[2024-10-06T04:16:50.738+0000] {processor.py:186} INFO - Started process (PID=679) to work on /opt/airflow/dags/hello_world.py
[2024-10-06T04:16:50.738+0000] {processor.py:914} INFO - Processing file /opt/airflow/dags/hello_world.py for tasks to queue
[2024-10-06T04:16:50.740+0000] {logging_mixin.py:190} INFO - [2024-10-06T04:16:50.740+0000] {dagbag.py:588} INFO - Filling up the DagBag from /opt/airflow/dags/hello_world.py
[2024-10-06T04:16:50.748+0000] {processor.py:925} INFO - DAG(s) 'hello_world_ferian' retrieved from /opt/airflow/dags/hello_world.py
[2024-10-06T04:16:50.846+0000] {logging_mixin.py:190} INFO - [2024-10-06T04:16:50.845+0000] {override.py:1900} INFO - Created Permission View: can edit on DAG:hello_world_ferian
[2024-10-06T04:16:50.861+0000] {logging_mixin.py:190} INFO - [2024-10-06T04:16:50.860+0000] {override.py:1900} INFO - Created Permission View: can read on DAG:hello_world_ferian
[2024-10-06T04:16:50.870+0000] {logging_mixin.py:190} INFO - [2024-10-06T04:16:50.870+0000] {override.py:1900} INFO - Created Permission View: can delete on DAG:hello_world_ferian
[2024-10-06T04:16:50.884+0000] {logging_mixin.py:190} INFO - [2024-10-06T04:16:50.884+0000] {override.py:1900} INFO - Created Permission View: can delete on DAG Run:hello_world_ferian
[2024-10-06T04:16:50.896+0000] {logging_mixin.py:190} INFO - [2024-10-06T04:16:50.896+0000] {override.py:1900} INFO - Created Permission View: menu access on DAG Run:hello_world_ferian
[2024-10-06T04:16:50.905+0000] {logging_mixin.py:190} INFO - [2024-10-06T04:16:50.904+0000] {override.py:1900} INFO - Created Permission View: can read on DAG Run:hello_world_ferian
[2024-10-06T04:16:50.914+0000] {logging_mixin.py:190} INFO - [2024-10-06T04:16:50.913+0000] {override.py:1900} INFO - Created Permission View: can create on DAG Run:hello_world_ferian
[2024-10-06T04:16:50.914+0000] {logging_mixin.py:190} INFO - [2024-10-06T04:16:50.914+0000] {dag.py:3239} INFO - Sync 1 DAGs
[2024-10-06T04:16:50.924+0000] {logging_mixin.py:190} INFO - [2024-10-06T04:16:50.923+0000] {dag.py:3262} INFO - Creating ORM DAG for hello_world_ferian
[2024-10-06T04:16:50.933+0000] {logging_mixin.py:190} INFO - [2024-10-06T04:16:50.932+0000] {dag.py:4180} INFO - Setting next_dagrun for hello_world_ferian to 2024-10-06 00:00:00+00:00, run_after=2024-10-07 00:00:00+00:00
[2024-10-06T04:16:50.951+0000] {processor.py:208} INFO - Processing /opt/airflow/dags/hello_world.py took 0.218 seconds
[2024-10-06T04:17:21.928+0000] {processor.py:186} INFO - Started process (PID=743) to work on /opt/airflow/dags/hello_world.py
[2024-10-06T04:17:21.928+0000] {processor.py:914} INFO - Processing file /opt/airflow/dags/hello_world.py for tasks to queue
[2024-10-06T04:17:21.931+0000] {logging_mixin.py:190} INFO - [2024-10-06T04:17:21.930+0000] {dagbag.py:588} INFO - Filling up the DagBag from /opt/airflow/dags/hello_world.py
[2024-10-06T04:17:21.939+0000] {processor.py:925} INFO - DAG(s) 'hello_world_ferian' retrieved from /opt/airflow/dags/hello_world.py
[2024-10-06T04:17:21.959+0000] {logging_mixin.py:190} INFO - [2024-10-06T04:17:21.958+0000] {dag.py:3239} INFO - Sync 1 DAGs
[2024-10-06T04:17:21.979+0000] {logging_mixin.py:190} INFO - [2024-10-06T04:17:21.979+0000] {dag.py:4180} INFO - Setting next_dagrun for hello_world_ferian to 2024-10-06 00:00:00+00:00, run_after=2024-10-07 00:00:00+00:00
[2024-10-06T04:17:22.002+0000] {processor.py:208} INFO - Processing /opt/airflow/dags/hello_world.py took 0.080 seconds
[2024-10-06T04:17:52.361+0000] {processor.py:186} INFO - Started process (PID=806) to work on /opt/airflow/dags/hello_world.py
[2024-10-06T04:17:52.361+0000] {processor.py:914} INFO - Processing file /opt/airflow/dags/hello_world.py for tasks to queue
[2024-10-06T04:17:52.363+0000] {logging_mixin.py:190} INFO - [2024-10-06T04:17:52.363+0000] {dagbag.py:588} INFO - Filling up the DagBag from /opt/airflow/dags/hello_world.py
[2024-10-06T04:17:52.369+0000] {processor.py:925} INFO - DAG(s) 'hello_world_ferian' retrieved from /opt/airflow/dags/hello_world.py
[2024-10-06T04:17:52.384+0000] {logging_mixin.py:190} INFO - [2024-10-06T04:17:52.384+0000] {dag.py:3239} INFO - Sync 1 DAGs
[2024-10-06T04:17:52.408+0000] {logging_mixin.py:190} INFO - [2024-10-06T04:17:52.408+0000] {dag.py:4180} INFO - Setting next_dagrun for hello_world_ferian to 2024-10-06 00:00:00+00:00, run_after=2024-10-07 00:00:00+00:00
[2024-10-06T04:17:52.430+0000] {processor.py:208} INFO - Processing /opt/airflow/dags/hello_world.py took 0.074 seconds
[2024-10-06T04:18:22.607+0000] {processor.py:186} INFO - Started process (PID=875) to work on /opt/airflow/dags/hello_world.py
[2024-10-06T04:18:22.608+0000] {processor.py:914} INFO - Processing file /opt/airflow/dags/hello_world.py for tasks to queue
[2024-10-06T04:18:22.610+0000] {logging_mixin.py:190} INFO - [2024-10-06T04:18:22.609+0000] {dagbag.py:588} INFO - Filling up the DagBag from /opt/airflow/dags/hello_world.py
[2024-10-06T04:18:22.616+0000] {processor.py:925} INFO - DAG(s) 'hello_world_ferian' retrieved from /opt/airflow/dags/hello_world.py
[2024-10-06T04:18:22.629+0000] {logging_mixin.py:190} INFO - [2024-10-06T04:18:22.629+0000] {dag.py:3239} INFO - Sync 1 DAGs
[2024-10-06T04:18:22.647+0000] {logging_mixin.py:190} INFO - [2024-10-06T04:18:22.647+0000] {dag.py:4180} INFO - Setting next_dagrun for hello_world_ferian to 2024-10-06 00:00:00+00:00, run_after=2024-10-07 00:00:00+00:00
[2024-10-06T04:18:22.663+0000] {processor.py:208} INFO - Processing /opt/airflow/dags/hello_world.py took 0.060 seconds
[2024-10-06T04:18:52.870+0000] {processor.py:186} INFO - Started process (PID=939) to work on /opt/airflow/dags/hello_world.py
[2024-10-06T04:18:52.870+0000] {processor.py:914} INFO - Processing file /opt/airflow/dags/hello_world.py for tasks to queue
[2024-10-06T04:18:52.872+0000] {logging_mixin.py:190} INFO - [2024-10-06T04:18:52.872+0000] {dagbag.py:588} INFO - Filling up the DagBag from /opt/airflow/dags/hello_world.py
[2024-10-06T04:18:52.878+0000] {processor.py:925} INFO - DAG(s) 'hello_world_ferian' retrieved from /opt/airflow/dags/hello_world.py
[2024-10-06T04:18:52.891+0000] {logging_mixin.py:190} INFO - [2024-10-06T04:18:52.891+0000] {dag.py:3239} INFO - Sync 1 DAGs
[2024-10-06T04:18:52.909+0000] {logging_mixin.py:190} INFO - [2024-10-06T04:18:52.909+0000] {dag.py:4180} INFO - Setting next_dagrun for hello_world_ferian to 2024-10-06 00:00:00+00:00, run_after=2024-10-07 00:00:00+00:00
[2024-10-06T04:18:52.927+0000] {processor.py:208} INFO - Processing /opt/airflow/dags/hello_world.py took 0.062 seconds
[2024-10-06T04:19:23.125+0000] {processor.py:186} INFO - Started process (PID=1002) to work on /opt/airflow/dags/hello_world.py
[2024-10-06T04:19:23.125+0000] {processor.py:914} INFO - Processing file /opt/airflow/dags/hello_world.py for tasks to queue
[2024-10-06T04:19:23.127+0000] {logging_mixin.py:190} INFO - [2024-10-06T04:19:23.127+0000] {dagbag.py:588} INFO - Filling up the DagBag from /opt/airflow/dags/hello_world.py
[2024-10-06T04:19:23.134+0000] {processor.py:925} INFO - DAG(s) 'hello_world_ferian' retrieved from /opt/airflow/dags/hello_world.py
[2024-10-06T04:19:23.151+0000] {logging_mixin.py:190} INFO - [2024-10-06T04:19:23.151+0000] {dag.py:3239} INFO - Sync 1 DAGs
[2024-10-06T04:19:23.178+0000] {logging_mixin.py:190} INFO - [2024-10-06T04:19:23.178+0000] {dag.py:4180} INFO - Setting next_dagrun for hello_world_ferian to 2024-10-06 00:00:00+00:00, run_after=2024-10-07 00:00:00+00:00
[2024-10-06T04:19:23.201+0000] {processor.py:208} INFO - Processing /opt/airflow/dags/hello_world.py took 0.081 seconds
[2024-10-06T04:19:53.803+0000] {processor.py:186} INFO - Started process (PID=1066) to work on /opt/airflow/dags/hello_world.py
[2024-10-06T04:19:53.803+0000] {processor.py:914} INFO - Processing file /opt/airflow/dags/hello_world.py for tasks to queue
[2024-10-06T04:19:53.805+0000] {logging_mixin.py:190} INFO - [2024-10-06T04:19:53.804+0000] {dagbag.py:588} INFO - Filling up the DagBag from /opt/airflow/dags/hello_world.py
[2024-10-06T04:19:53.811+0000] {processor.py:925} INFO - DAG(s) 'hello_world_ferian' retrieved from /opt/airflow/dags/hello_world.py
[2024-10-06T04:19:53.824+0000] {logging_mixin.py:190} INFO - [2024-10-06T04:19:53.824+0000] {dag.py:3239} INFO - Sync 1 DAGs
[2024-10-06T04:19:53.842+0000] {logging_mixin.py:190} INFO - [2024-10-06T04:19:53.842+0000] {dag.py:4180} INFO - Setting next_dagrun for hello_world_ferian to 2024-10-06 00:00:00+00:00, run_after=2024-10-07 00:00:00+00:00
[2024-10-06T04:19:53.862+0000] {processor.py:208} INFO - Processing /opt/airflow/dags/hello_world.py took 0.063 seconds
[2024-10-06T04:20:24.101+0000] {processor.py:186} INFO - Started process (PID=1129) to work on /opt/airflow/dags/hello_world.py
[2024-10-06T04:20:24.101+0000] {processor.py:914} INFO - Processing file /opt/airflow/dags/hello_world.py for tasks to queue
[2024-10-06T04:20:24.103+0000] {logging_mixin.py:190} INFO - [2024-10-06T04:20:24.102+0000] {dagbag.py:588} INFO - Filling up the DagBag from /opt/airflow/dags/hello_world.py
[2024-10-06T04:20:24.109+0000] {processor.py:925} INFO - DAG(s) 'hello_world_ferian' retrieved from /opt/airflow/dags/hello_world.py
[2024-10-06T04:20:24.123+0000] {logging_mixin.py:190} INFO - [2024-10-06T04:20:24.123+0000] {dag.py:3239} INFO - Sync 1 DAGs
[2024-10-06T04:20:24.143+0000] {logging_mixin.py:190} INFO - [2024-10-06T04:20:24.142+0000] {dag.py:4180} INFO - Setting next_dagrun for hello_world_ferian to 2024-10-06 00:00:00+00:00, run_after=2024-10-07 00:00:00+00:00
[2024-10-06T04:20:24.159+0000] {processor.py:208} INFO - Processing /opt/airflow/dags/hello_world.py took 0.063 seconds
[2024-10-06T04:20:54.514+0000] {processor.py:186} INFO - Started process (PID=1192) to work on /opt/airflow/dags/hello_world.py
[2024-10-06T04:20:54.514+0000] {processor.py:914} INFO - Processing file /opt/airflow/dags/hello_world.py for tasks to queue
[2024-10-06T04:20:54.516+0000] {logging_mixin.py:190} INFO - [2024-10-06T04:20:54.516+0000] {dagbag.py:588} INFO - Filling up the DagBag from /opt/airflow/dags/hello_world.py
[2024-10-06T04:20:54.522+0000] {processor.py:925} INFO - DAG(s) 'hello_world_ferian' retrieved from /opt/airflow/dags/hello_world.py
[2024-10-06T04:20:54.535+0000] {logging_mixin.py:190} INFO - [2024-10-06T04:20:54.535+0000] {dag.py:3239} INFO - Sync 1 DAGs
[2024-10-06T04:20:54.553+0000] {logging_mixin.py:190} INFO - [2024-10-06T04:20:54.553+0000] {dag.py:4180} INFO - Setting next_dagrun for hello_world_ferian to 2024-10-06 00:00:00+00:00, run_after=2024-10-07 00:00:00+00:00
[2024-10-06T04:20:54.573+0000] {processor.py:208} INFO - Processing /opt/airflow/dags/hello_world.py took 0.063 seconds
[2024-10-06T04:21:25.196+0000] {processor.py:186} INFO - Started process (PID=1255) to work on /opt/airflow/dags/hello_world.py
[2024-10-06T04:21:25.197+0000] {processor.py:914} INFO - Processing file /opt/airflow/dags/hello_world.py for tasks to queue
[2024-10-06T04:21:25.198+0000] {logging_mixin.py:190} INFO - [2024-10-06T04:21:25.198+0000] {dagbag.py:588} INFO - Filling up the DagBag from /opt/airflow/dags/hello_world.py
[2024-10-06T04:21:25.205+0000] {processor.py:925} INFO - DAG(s) 'hello_world_ferian' retrieved from /opt/airflow/dags/hello_world.py
[2024-10-06T04:21:25.218+0000] {logging_mixin.py:190} INFO - [2024-10-06T04:21:25.218+0000] {dag.py:3239} INFO - Sync 1 DAGs
[2024-10-06T04:21:25.235+0000] {logging_mixin.py:190} INFO - [2024-10-06T04:21:25.235+0000] {dag.py:4180} INFO - Setting next_dagrun for hello_world_ferian to 2024-10-06 00:00:00+00:00, run_after=2024-10-07 00:00:00+00:00
[2024-10-06T04:21:25.254+0000] {processor.py:208} INFO - Processing /opt/airflow/dags/hello_world.py took 0.062 seconds
[2024-10-06T04:21:55.603+0000] {processor.py:186} INFO - Started process (PID=1319) to work on /opt/airflow/dags/hello_world.py
[2024-10-06T04:21:55.604+0000] {processor.py:914} INFO - Processing file /opt/airflow/dags/hello_world.py for tasks to queue
[2024-10-06T04:21:55.606+0000] {logging_mixin.py:190} INFO - [2024-10-06T04:21:55.605+0000] {dagbag.py:588} INFO - Filling up the DagBag from /opt/airflow/dags/hello_world.py
[2024-10-06T04:21:55.613+0000] {processor.py:925} INFO - DAG(s) 'hello_world_ferian' retrieved from /opt/airflow/dags/hello_world.py
[2024-10-06T04:21:55.626+0000] {logging_mixin.py:190} INFO - [2024-10-06T04:21:55.626+0000] {dag.py:3239} INFO - Sync 1 DAGs
[2024-10-06T04:21:55.644+0000] {logging_mixin.py:190} INFO - [2024-10-06T04:21:55.644+0000] {dag.py:4180} INFO - Setting next_dagrun for hello_world_ferian to 2024-10-06 00:00:00+00:00, run_after=2024-10-07 00:00:00+00:00
[2024-10-06T04:21:55.662+0000] {processor.py:208} INFO - Processing /opt/airflow/dags/hello_world.py took 0.063 seconds
[2024-10-06T04:22:25.850+0000] {processor.py:186} INFO - Started process (PID=1382) to work on /opt/airflow/dags/hello_world.py
[2024-10-06T04:22:25.851+0000] {processor.py:914} INFO - Processing file /opt/airflow/dags/hello_world.py for tasks to queue
[2024-10-06T04:22:25.853+0000] {logging_mixin.py:190} INFO - [2024-10-06T04:22:25.852+0000] {dagbag.py:588} INFO - Filling up the DagBag from /opt/airflow/dags/hello_world.py
[2024-10-06T04:22:25.859+0000] {processor.py:925} INFO - DAG(s) 'hello_world_ferian' retrieved from /opt/airflow/dags/hello_world.py
[2024-10-06T04:22:25.872+0000] {logging_mixin.py:190} INFO - [2024-10-06T04:22:25.872+0000] {dag.py:3239} INFO - Sync 1 DAGs
[2024-10-06T04:22:25.890+0000] {logging_mixin.py:190} INFO - [2024-10-06T04:22:25.890+0000] {dag.py:4180} INFO - Setting next_dagrun for hello_world_ferian to 2024-10-06 00:00:00+00:00, run_after=2024-10-07 00:00:00+00:00
[2024-10-06T04:22:25.907+0000] {processor.py:208} INFO - Processing /opt/airflow/dags/hello_world.py took 0.061 seconds
[2024-10-06T04:22:56.537+0000] {processor.py:186} INFO - Started process (PID=1445) to work on /opt/airflow/dags/hello_world.py
[2024-10-06T04:22:56.538+0000] {processor.py:914} INFO - Processing file /opt/airflow/dags/hello_world.py for tasks to queue
[2024-10-06T04:22:56.539+0000] {logging_mixin.py:190} INFO - [2024-10-06T04:22:56.539+0000] {dagbag.py:588} INFO - Filling up the DagBag from /opt/airflow/dags/hello_world.py
[2024-10-06T04:22:56.546+0000] {processor.py:925} INFO - DAG(s) 'hello_world_ferian' retrieved from /opt/airflow/dags/hello_world.py
[2024-10-06T04:22:56.559+0000] {logging_mixin.py:190} INFO - [2024-10-06T04:22:56.558+0000] {dag.py:3239} INFO - Sync 1 DAGs
[2024-10-06T04:22:56.582+0000] {logging_mixin.py:190} INFO - [2024-10-06T04:22:56.582+0000] {dag.py:4180} INFO - Setting next_dagrun for hello_world_ferian to 2024-10-06 00:00:00+00:00, run_after=2024-10-07 00:00:00+00:00
[2024-10-06T04:22:56.600+0000] {processor.py:208} INFO - Processing /opt/airflow/dags/hello_world.py took 0.067 seconds
[2024-10-06T04:23:26.919+0000] {processor.py:186} INFO - Started process (PID=1507) to work on /opt/airflow/dags/hello_world.py
[2024-10-06T04:23:26.919+0000] {processor.py:914} INFO - Processing file /opt/airflow/dags/hello_world.py for tasks to queue
[2024-10-06T04:23:26.921+0000] {logging_mixin.py:190} INFO - [2024-10-06T04:23:26.921+0000] {dagbag.py:588} INFO - Filling up the DagBag from /opt/airflow/dags/hello_world.py
[2024-10-06T04:23:26.927+0000] {processor.py:925} INFO - DAG(s) 'hello_world_ferian' retrieved from /opt/airflow/dags/hello_world.py
[2024-10-06T04:23:26.940+0000] {logging_mixin.py:190} INFO - [2024-10-06T04:23:26.940+0000] {dag.py:3239} INFO - Sync 1 DAGs
[2024-10-06T04:23:26.958+0000] {logging_mixin.py:190} INFO - [2024-10-06T04:23:26.958+0000] {dag.py:4180} INFO - Setting next_dagrun for hello_world_ferian to 2024-10-06 00:00:00+00:00, run_after=2024-10-07 00:00:00+00:00
[2024-10-06T04:23:26.978+0000] {processor.py:208} INFO - Processing /opt/airflow/dags/hello_world.py took 0.064 seconds
[2024-10-06T04:23:57.156+0000] {processor.py:186} INFO - Started process (PID=1571) to work on /opt/airflow/dags/hello_world.py
[2024-10-06T04:23:57.156+0000] {processor.py:914} INFO - Processing file /opt/airflow/dags/hello_world.py for tasks to queue
[2024-10-06T04:23:57.158+0000] {logging_mixin.py:190} INFO - [2024-10-06T04:23:57.157+0000] {dagbag.py:588} INFO - Filling up the DagBag from /opt/airflow/dags/hello_world.py
[2024-10-06T04:23:57.164+0000] {processor.py:925} INFO - DAG(s) 'hello_world_ferian' retrieved from /opt/airflow/dags/hello_world.py
[2024-10-06T04:23:57.177+0000] {logging_mixin.py:190} INFO - [2024-10-06T04:23:57.177+0000] {dag.py:3239} INFO - Sync 1 DAGs
[2024-10-06T04:23:57.194+0000] {logging_mixin.py:190} INFO - [2024-10-06T04:23:57.194+0000] {dag.py:4180} INFO - Setting next_dagrun for hello_world_ferian to 2024-10-06 00:00:00+00:00, run_after=2024-10-07 00:00:00+00:00
[2024-10-06T04:23:57.213+0000] {processor.py:208} INFO - Processing /opt/airflow/dags/hello_world.py took 0.062 seconds
[2024-10-06T04:24:27.018+0000] {processor.py:186} INFO - Started process (PID=1633) to work on /opt/airflow/dags/hello_world.py
[2024-10-06T04:24:27.018+0000] {processor.py:914} INFO - Processing file /opt/airflow/dags/hello_world.py for tasks to queue
[2024-10-06T04:24:27.020+0000] {logging_mixin.py:190} INFO - [2024-10-06T04:24:27.020+0000] {dagbag.py:588} INFO - Filling up the DagBag from /opt/airflow/dags/hello_world.py
[2024-10-06T04:24:27.027+0000] {processor.py:925} INFO - DAG(s) 'hello_world_ferian' retrieved from /opt/airflow/dags/hello_world.py
[2024-10-06T04:24:27.041+0000] {logging_mixin.py:190} INFO - [2024-10-06T04:24:27.041+0000] {dag.py:3239} INFO - Sync 1 DAGs
[2024-10-06T04:24:27.059+0000] {logging_mixin.py:190} INFO - [2024-10-06T04:24:27.059+0000] {dag.py:4180} INFO - Setting next_dagrun for hello_world_ferian to 2024-10-06 00:00:00+00:00, run_after=2024-10-07 00:00:00+00:00
[2024-10-06T04:24:27.087+0000] {processor.py:208} INFO - Processing /opt/airflow/dags/hello_world.py took 0.073 seconds
[2024-10-06T04:24:30.043+0000] {processor.py:186} INFO - Started process (PID=1634) to work on /opt/airflow/dags/hello_world.py
[2024-10-06T04:24:30.043+0000] {processor.py:914} INFO - Processing file /opt/airflow/dags/hello_world.py for tasks to queue
[2024-10-06T04:24:30.045+0000] {logging_mixin.py:190} INFO - [2024-10-06T04:24:30.045+0000] {dagbag.py:588} INFO - Filling up the DagBag from /opt/airflow/dags/hello_world.py
[2024-10-06T04:24:30.052+0000] {processor.py:925} INFO - DAG(s) 'hello_world_ferian' retrieved from /opt/airflow/dags/hello_world.py
[2024-10-06T04:24:30.065+0000] {logging_mixin.py:190} INFO - [2024-10-06T04:24:30.065+0000] {dag.py:3239} INFO - Sync 1 DAGs
[2024-10-06T04:24:30.083+0000] {logging_mixin.py:190} INFO - [2024-10-06T04:24:30.083+0000] {dag.py:4180} INFO - Setting next_dagrun for hello_world_ferian to 2024-10-06 00:00:00+00:00, run_after=2024-10-07 00:00:00+00:00
[2024-10-06T04:24:30.105+0000] {processor.py:208} INFO - Processing /opt/airflow/dags/hello_world.py took 0.067 seconds
[2024-10-06T04:24:38.605+0000] {processor.py:186} INFO - Started process (PID=1663) to work on /opt/airflow/dags/hello_world.py
[2024-10-06T04:24:38.605+0000] {processor.py:914} INFO - Processing file /opt/airflow/dags/hello_world.py for tasks to queue
[2024-10-06T04:24:38.607+0000] {logging_mixin.py:190} INFO - [2024-10-06T04:24:38.606+0000] {dagbag.py:588} INFO - Filling up the DagBag from /opt/airflow/dags/hello_world.py
[2024-10-06T04:24:38.614+0000] {processor.py:925} INFO - DAG(s) 'hello_world_ferian' retrieved from /opt/airflow/dags/hello_world.py
[2024-10-06T04:24:38.630+0000] {logging_mixin.py:190} INFO - [2024-10-06T04:24:38.629+0000] {dag.py:3239} INFO - Sync 1 DAGs
[2024-10-06T04:24:38.654+0000] {logging_mixin.py:190} INFO - [2024-10-06T04:24:38.654+0000] {dag.py:4180} INFO - Setting next_dagrun for hello_world_ferian to 2024-10-06 00:00:00+00:00, run_after=2024-10-07 00:00:00+00:00
[2024-10-06T04:24:38.677+0000] {processor.py:208} INFO - Processing /opt/airflow/dags/hello_world.py took 0.077 seconds
[2024-10-06T04:25:08.962+0000] {processor.py:186} INFO - Started process (PID=1726) to work on /opt/airflow/dags/hello_world.py
[2024-10-06T04:25:08.962+0000] {processor.py:914} INFO - Processing file /opt/airflow/dags/hello_world.py for tasks to queue
[2024-10-06T04:25:08.964+0000] {logging_mixin.py:190} INFO - [2024-10-06T04:25:08.964+0000] {dagbag.py:588} INFO - Filling up the DagBag from /opt/airflow/dags/hello_world.py
[2024-10-06T04:25:08.971+0000] {processor.py:925} INFO - DAG(s) 'hello_world_ferian' retrieved from /opt/airflow/dags/hello_world.py
[2024-10-06T04:25:08.985+0000] {logging_mixin.py:190} INFO - [2024-10-06T04:25:08.985+0000] {dag.py:3239} INFO - Sync 1 DAGs
[2024-10-06T04:25:09.004+0000] {logging_mixin.py:190} INFO - [2024-10-06T04:25:09.004+0000] {dag.py:4180} INFO - Setting next_dagrun for hello_world_ferian to 2024-10-06 00:00:00+00:00, run_after=2024-10-07 00:00:00+00:00
[2024-10-06T04:25:09.040+0000] {processor.py:208} INFO - Processing /opt/airflow/dags/hello_world.py took 0.083 seconds
[2024-10-06T04:25:39.240+0000] {processor.py:186} INFO - Started process (PID=1789) to work on /opt/airflow/dags/hello_world.py
[2024-10-06T04:25:39.241+0000] {processor.py:914} INFO - Processing file /opt/airflow/dags/hello_world.py for tasks to queue
[2024-10-06T04:25:39.243+0000] {logging_mixin.py:190} INFO - [2024-10-06T04:25:39.242+0000] {dagbag.py:588} INFO - Filling up the DagBag from /opt/airflow/dags/hello_world.py
[2024-10-06T04:25:39.249+0000] {processor.py:925} INFO - DAG(s) 'hello_world_ferian' retrieved from /opt/airflow/dags/hello_world.py
[2024-10-06T04:25:39.264+0000] {logging_mixin.py:190} INFO - [2024-10-06T04:25:39.263+0000] {dag.py:3239} INFO - Sync 1 DAGs
[2024-10-06T04:25:39.282+0000] {logging_mixin.py:190} INFO - [2024-10-06T04:25:39.282+0000] {dag.py:4180} INFO - Setting next_dagrun for hello_world_ferian to 2024-10-06 00:00:00+00:00, run_after=2024-10-07 00:00:00+00:00
[2024-10-06T04:25:39.312+0000] {processor.py:208} INFO - Processing /opt/airflow/dags/hello_world.py took 0.077 seconds
[2024-10-06T04:26:09.603+0000] {processor.py:186} INFO - Started process (PID=1852) to work on /opt/airflow/dags/hello_world.py
[2024-10-06T04:26:09.604+0000] {processor.py:914} INFO - Processing file /opt/airflow/dags/hello_world.py for tasks to queue
[2024-10-06T04:26:09.605+0000] {logging_mixin.py:190} INFO - [2024-10-06T04:26:09.605+0000] {dagbag.py:588} INFO - Filling up the DagBag from /opt/airflow/dags/hello_world.py
[2024-10-06T04:26:09.612+0000] {processor.py:925} INFO - DAG(s) 'hello_world_ferian' retrieved from /opt/airflow/dags/hello_world.py
[2024-10-06T04:26:09.628+0000] {logging_mixin.py:190} INFO - [2024-10-06T04:26:09.628+0000] {dag.py:3239} INFO - Sync 1 DAGs
[2024-10-06T04:26:09.653+0000] {logging_mixin.py:190} INFO - [2024-10-06T04:26:09.653+0000] {dag.py:4180} INFO - Setting next_dagrun for hello_world_ferian to 2024-10-06 00:00:00+00:00, run_after=2024-10-07 00:00:00+00:00
[2024-10-06T04:26:09.679+0000] {processor.py:208} INFO - Processing /opt/airflow/dags/hello_world.py took 0.080 seconds
[2024-10-06T04:26:40.270+0000] {processor.py:186} INFO - Started process (PID=1915) to work on /opt/airflow/dags/hello_world.py
[2024-10-06T04:26:40.270+0000] {processor.py:914} INFO - Processing file /opt/airflow/dags/hello_world.py for tasks to queue
[2024-10-06T04:26:40.272+0000] {logging_mixin.py:190} INFO - [2024-10-06T04:26:40.272+0000] {dagbag.py:588} INFO - Filling up the DagBag from /opt/airflow/dags/hello_world.py
[2024-10-06T04:26:40.279+0000] {processor.py:925} INFO - DAG(s) 'hello_world_ferian' retrieved from /opt/airflow/dags/hello_world.py
[2024-10-06T04:26:40.295+0000] {logging_mixin.py:190} INFO - [2024-10-06T04:26:40.295+0000] {dag.py:3239} INFO - Sync 1 DAGs
[2024-10-06T04:26:40.319+0000] {logging_mixin.py:190} INFO - [2024-10-06T04:26:40.318+0000] {dag.py:4180} INFO - Setting next_dagrun for hello_world_ferian to 2024-10-06 00:00:00+00:00, run_after=2024-10-07 00:00:00+00:00
[2024-10-06T04:26:40.338+0000] {processor.py:208} INFO - Processing /opt/airflow/dags/hello_world.py took 0.073 seconds
[2024-10-06T04:27:10.697+0000] {processor.py:186} INFO - Started process (PID=1978) to work on /opt/airflow/dags/hello_world.py
[2024-10-06T04:27:10.698+0000] {processor.py:914} INFO - Processing file /opt/airflow/dags/hello_world.py for tasks to queue
[2024-10-06T04:27:10.699+0000] {logging_mixin.py:190} INFO - [2024-10-06T04:27:10.699+0000] {dagbag.py:588} INFO - Filling up the DagBag from /opt/airflow/dags/hello_world.py
[2024-10-06T04:27:10.706+0000] {processor.py:925} INFO - DAG(s) 'hello_world_ferian' retrieved from /opt/airflow/dags/hello_world.py
[2024-10-06T04:27:10.723+0000] {logging_mixin.py:190} INFO - [2024-10-06T04:27:10.722+0000] {dag.py:3239} INFO - Sync 1 DAGs
[2024-10-06T04:27:10.751+0000] {logging_mixin.py:190} INFO - [2024-10-06T04:27:10.750+0000] {dag.py:4180} INFO - Setting next_dagrun for hello_world_ferian to 2024-10-06 00:00:00+00:00, run_after=2024-10-07 00:00:00+00:00
[2024-10-06T04:27:10.772+0000] {processor.py:208} INFO - Processing /opt/airflow/dags/hello_world.py took 0.079 seconds
[2024-10-06T04:27:41.178+0000] {processor.py:186} INFO - Started process (PID=2041) to work on /opt/airflow/dags/hello_world.py
[2024-10-06T04:27:41.179+0000] {processor.py:914} INFO - Processing file /opt/airflow/dags/hello_world.py for tasks to queue
[2024-10-06T04:27:41.181+0000] {logging_mixin.py:190} INFO - [2024-10-06T04:27:41.181+0000] {dagbag.py:588} INFO - Filling up the DagBag from /opt/airflow/dags/hello_world.py
[2024-10-06T04:27:41.190+0000] {processor.py:925} INFO - DAG(s) 'hello_world_ferian' retrieved from /opt/airflow/dags/hello_world.py
[2024-10-06T04:27:41.206+0000] {logging_mixin.py:190} INFO - [2024-10-06T04:27:41.206+0000] {dag.py:3239} INFO - Sync 1 DAGs
[2024-10-06T04:27:41.227+0000] {logging_mixin.py:190} INFO - [2024-10-06T04:27:41.227+0000] {dag.py:4180} INFO - Setting next_dagrun for hello_world_ferian to 2024-10-06 00:00:00+00:00, run_after=2024-10-07 00:00:00+00:00
[2024-10-06T04:27:41.261+0000] {processor.py:208} INFO - Processing /opt/airflow/dags/hello_world.py took 0.088 seconds
[2024-10-06T04:28:11.887+0000] {processor.py:186} INFO - Started process (PID=2105) to work on /opt/airflow/dags/hello_world.py
[2024-10-06T04:28:11.887+0000] {processor.py:914} INFO - Processing file /opt/airflow/dags/hello_world.py for tasks to queue
[2024-10-06T04:28:11.889+0000] {logging_mixin.py:190} INFO - [2024-10-06T04:28:11.889+0000] {dagbag.py:588} INFO - Filling up the DagBag from /opt/airflow/dags/hello_world.py
[2024-10-06T04:28:11.898+0000] {processor.py:925} INFO - DAG(s) 'hello_world_ferian' retrieved from /opt/airflow/dags/hello_world.py
[2024-10-06T04:28:11.913+0000] {logging_mixin.py:190} INFO - [2024-10-06T04:28:11.913+0000] {dag.py:3239} INFO - Sync 1 DAGs
[2024-10-06T04:28:11.933+0000] {logging_mixin.py:190} INFO - [2024-10-06T04:28:11.933+0000] {dag.py:4180} INFO - Setting next_dagrun for hello_world_ferian to 2024-10-06 00:00:00+00:00, run_after=2024-10-07 00:00:00+00:00
[2024-10-06T04:28:11.957+0000] {processor.py:208} INFO - Processing /opt/airflow/dags/hello_world.py took 0.076 seconds
[2024-10-06T04:28:42.030+0000] {processor.py:186} INFO - Started process (PID=2168) to work on /opt/airflow/dags/hello_world.py
[2024-10-06T04:28:42.030+0000] {processor.py:914} INFO - Processing file /opt/airflow/dags/hello_world.py for tasks to queue
[2024-10-06T04:28:42.032+0000] {logging_mixin.py:190} INFO - [2024-10-06T04:28:42.032+0000] {dagbag.py:588} INFO - Filling up the DagBag from /opt/airflow/dags/hello_world.py
[2024-10-06T04:28:42.038+0000] {processor.py:925} INFO - DAG(s) 'hello_world_ferian' retrieved from /opt/airflow/dags/hello_world.py
[2024-10-06T04:28:42.055+0000] {logging_mixin.py:190} INFO - [2024-10-06T04:28:42.054+0000] {dag.py:3239} INFO - Sync 1 DAGs
[2024-10-06T04:28:42.077+0000] {logging_mixin.py:190} INFO - [2024-10-06T04:28:42.077+0000] {dag.py:4180} INFO - Setting next_dagrun for hello_world_ferian to 2024-10-06 00:00:00+00:00, run_after=2024-10-07 00:00:00+00:00
[2024-10-06T04:28:42.112+0000] {processor.py:208} INFO - Processing /opt/airflow/dags/hello_world.py took 0.087 seconds
[2024-10-06T04:29:12.914+0000] {processor.py:186} INFO - Started process (PID=2231) to work on /opt/airflow/dags/hello_world.py
[2024-10-06T04:29:12.914+0000] {processor.py:914} INFO - Processing file /opt/airflow/dags/hello_world.py for tasks to queue
[2024-10-06T04:29:12.917+0000] {logging_mixin.py:190} INFO - [2024-10-06T04:29:12.916+0000] {dagbag.py:588} INFO - Filling up the DagBag from /opt/airflow/dags/hello_world.py
[2024-10-06T04:29:12.926+0000] {processor.py:925} INFO - DAG(s) 'hello_world_ferian' retrieved from /opt/airflow/dags/hello_world.py
[2024-10-06T04:29:12.947+0000] {logging_mixin.py:190} INFO - [2024-10-06T04:29:12.946+0000] {dag.py:3239} INFO - Sync 1 DAGs
[2024-10-06T04:29:12.975+0000] {logging_mixin.py:190} INFO - [2024-10-06T04:29:12.974+0000] {dag.py:4180} INFO - Setting next_dagrun for hello_world_ferian to 2024-10-06 00:00:00+00:00, run_after=2024-10-07 00:00:00+00:00
[2024-10-06T04:29:13.000+0000] {processor.py:208} INFO - Processing /opt/airflow/dags/hello_world.py took 0.093 seconds
[2024-10-06T04:29:43.414+0000] {processor.py:186} INFO - Started process (PID=2294) to work on /opt/airflow/dags/hello_world.py
[2024-10-06T04:29:43.415+0000] {processor.py:914} INFO - Processing file /opt/airflow/dags/hello_world.py for tasks to queue
[2024-10-06T04:29:43.416+0000] {logging_mixin.py:190} INFO - [2024-10-06T04:29:43.416+0000] {dagbag.py:588} INFO - Filling up the DagBag from /opt/airflow/dags/hello_world.py
[2024-10-06T04:29:43.423+0000] {processor.py:925} INFO - DAG(s) 'hello_world_ferian' retrieved from /opt/airflow/dags/hello_world.py
[2024-10-06T04:29:43.440+0000] {logging_mixin.py:190} INFO - [2024-10-06T04:29:43.439+0000] {dag.py:3239} INFO - Sync 1 DAGs
[2024-10-06T04:29:43.464+0000] {logging_mixin.py:190} INFO - [2024-10-06T04:29:43.464+0000] {dag.py:4180} INFO - Setting next_dagrun for hello_world_ferian to 2024-10-06 00:00:00+00:00, run_after=2024-10-07 00:00:00+00:00
[2024-10-06T04:29:43.487+0000] {processor.py:208} INFO - Processing /opt/airflow/dags/hello_world.py took 0.077 seconds
[2024-10-06T04:30:14.048+0000] {processor.py:186} INFO - Started process (PID=2357) to work on /opt/airflow/dags/hello_world.py
[2024-10-06T04:30:14.049+0000] {processor.py:914} INFO - Processing file /opt/airflow/dags/hello_world.py for tasks to queue
[2024-10-06T04:30:14.050+0000] {logging_mixin.py:190} INFO - [2024-10-06T04:30:14.050+0000] {dagbag.py:588} INFO - Filling up the DagBag from /opt/airflow/dags/hello_world.py
[2024-10-06T04:30:14.057+0000] {processor.py:925} INFO - DAG(s) 'hello_world_ferian' retrieved from /opt/airflow/dags/hello_world.py
[2024-10-06T04:30:14.073+0000] {logging_mixin.py:190} INFO - [2024-10-06T04:30:14.073+0000] {dag.py:3239} INFO - Sync 1 DAGs
[2024-10-06T04:30:14.091+0000] {logging_mixin.py:190} INFO - [2024-10-06T04:30:14.091+0000] {dag.py:4180} INFO - Setting next_dagrun for hello_world_ferian to 2024-10-06 00:00:00+00:00, run_after=2024-10-07 00:00:00+00:00
[2024-10-06T04:30:14.115+0000] {processor.py:208} INFO - Processing /opt/airflow/dags/hello_world.py took 0.071 seconds
[2024-10-06T04:30:44.935+0000] {processor.py:186} INFO - Started process (PID=2421) to work on /opt/airflow/dags/hello_world.py
[2024-10-06T04:30:44.936+0000] {processor.py:914} INFO - Processing file /opt/airflow/dags/hello_world.py for tasks to queue
[2024-10-06T04:30:44.938+0000] {logging_mixin.py:190} INFO - [2024-10-06T04:30:44.937+0000] {dagbag.py:588} INFO - Filling up the DagBag from /opt/airflow/dags/hello_world.py
[2024-10-06T04:30:44.944+0000] {processor.py:925} INFO - DAG(s) 'hello_world_ferian' retrieved from /opt/airflow/dags/hello_world.py
[2024-10-06T04:30:44.960+0000] {logging_mixin.py:190} INFO - [2024-10-06T04:30:44.960+0000] {dag.py:3239} INFO - Sync 1 DAGs
[2024-10-06T04:30:44.983+0000] {logging_mixin.py:190} INFO - [2024-10-06T04:30:44.983+0000] {dag.py:4180} INFO - Setting next_dagrun for hello_world_ferian to 2024-10-06 00:00:00+00:00, run_after=2024-10-07 00:00:00+00:00
[2024-10-06T04:30:45.008+0000] {processor.py:208} INFO - Processing /opt/airflow/dags/hello_world.py took 0.077 seconds
[2024-10-06T04:31:15.418+0000] {processor.py:186} INFO - Started process (PID=2484) to work on /opt/airflow/dags/hello_world.py
[2024-10-06T04:31:15.419+0000] {processor.py:914} INFO - Processing file /opt/airflow/dags/hello_world.py for tasks to queue
[2024-10-06T04:31:15.420+0000] {logging_mixin.py:190} INFO - [2024-10-06T04:31:15.420+0000] {dagbag.py:588} INFO - Filling up the DagBag from /opt/airflow/dags/hello_world.py
[2024-10-06T04:31:15.427+0000] {processor.py:925} INFO - DAG(s) 'hello_world_ferian' retrieved from /opt/airflow/dags/hello_world.py
[2024-10-06T04:31:15.443+0000] {logging_mixin.py:190} INFO - [2024-10-06T04:31:15.442+0000] {dag.py:3239} INFO - Sync 1 DAGs
[2024-10-06T04:31:15.461+0000] {logging_mixin.py:190} INFO - [2024-10-06T04:31:15.460+0000] {dag.py:4180} INFO - Setting next_dagrun for hello_world_ferian to 2024-10-06 00:00:00+00:00, run_after=2024-10-07 00:00:00+00:00
[2024-10-06T04:31:15.481+0000] {processor.py:208} INFO - Processing /opt/airflow/dags/hello_world.py took 0.068 seconds
[2024-10-06T04:31:45.538+0000] {processor.py:186} INFO - Started process (PID=2548) to work on /opt/airflow/dags/hello_world.py
[2024-10-06T04:31:45.539+0000] {processor.py:914} INFO - Processing file /opt/airflow/dags/hello_world.py for tasks to queue
[2024-10-06T04:31:45.540+0000] {logging_mixin.py:190} INFO - [2024-10-06T04:31:45.540+0000] {dagbag.py:588} INFO - Filling up the DagBag from /opt/airflow/dags/hello_world.py
[2024-10-06T04:31:45.547+0000] {processor.py:925} INFO - DAG(s) 'hello_world_ferian' retrieved from /opt/airflow/dags/hello_world.py
[2024-10-06T04:31:45.564+0000] {logging_mixin.py:190} INFO - [2024-10-06T04:31:45.564+0000] {dag.py:3239} INFO - Sync 1 DAGs
[2024-10-06T04:31:45.589+0000] {logging_mixin.py:190} INFO - [2024-10-06T04:31:45.588+0000] {dag.py:4180} INFO - Setting next_dagrun for hello_world_ferian to 2024-10-06 00:00:00+00:00, run_after=2024-10-07 00:00:00+00:00
[2024-10-06T04:31:45.608+0000] {processor.py:208} INFO - Processing /opt/airflow/dags/hello_world.py took 0.075 seconds
[2024-10-06T04:32:15.806+0000] {processor.py:186} INFO - Started process (PID=2604) to work on /opt/airflow/dags/hello_world.py
[2024-10-06T04:32:15.807+0000] {processor.py:914} INFO - Processing file /opt/airflow/dags/hello_world.py for tasks to queue
[2024-10-06T04:32:15.809+0000] {logging_mixin.py:190} INFO - [2024-10-06T04:32:15.808+0000] {dagbag.py:588} INFO - Filling up the DagBag from /opt/airflow/dags/hello_world.py
[2024-10-06T04:32:15.816+0000] {processor.py:925} INFO - DAG(s) 'hello_world_ferian' retrieved from /opt/airflow/dags/hello_world.py
[2024-10-06T04:32:15.830+0000] {logging_mixin.py:190} INFO - [2024-10-06T04:32:15.830+0000] {dag.py:3239} INFO - Sync 1 DAGs
[2024-10-06T04:32:15.850+0000] {logging_mixin.py:190} INFO - [2024-10-06T04:32:15.850+0000] {dag.py:4180} INFO - Setting next_dagrun for hello_world_ferian to 2024-10-06 00:00:00+00:00, run_after=2024-10-07 00:00:00+00:00
[2024-10-06T04:32:15.874+0000] {processor.py:208} INFO - Processing /opt/airflow/dags/hello_world.py took 0.073 seconds
[2024-10-06T04:32:46.339+0000] {processor.py:186} INFO - Started process (PID=2667) to work on /opt/airflow/dags/hello_world.py
[2024-10-06T04:32:46.339+0000] {processor.py:914} INFO - Processing file /opt/airflow/dags/hello_world.py for tasks to queue
[2024-10-06T04:32:46.341+0000] {logging_mixin.py:190} INFO - [2024-10-06T04:32:46.341+0000] {dagbag.py:588} INFO - Filling up the DagBag from /opt/airflow/dags/hello_world.py
[2024-10-06T04:32:46.348+0000] {processor.py:925} INFO - DAG(s) 'hello_world_ferian' retrieved from /opt/airflow/dags/hello_world.py
[2024-10-06T04:32:46.365+0000] {logging_mixin.py:190} INFO - [2024-10-06T04:32:46.365+0000] {dag.py:3239} INFO - Sync 1 DAGs
[2024-10-06T04:32:46.390+0000] {logging_mixin.py:190} INFO - [2024-10-06T04:32:46.390+0000] {dag.py:4180} INFO - Setting next_dagrun for hello_world_ferian to 2024-10-06 00:00:00+00:00, run_after=2024-10-07 00:00:00+00:00
[2024-10-06T04:32:46.414+0000] {processor.py:208} INFO - Processing /opt/airflow/dags/hello_world.py took 0.081 seconds
[2024-10-06T04:33:16.974+0000] {processor.py:186} INFO - Started process (PID=2731) to work on /opt/airflow/dags/hello_world.py
[2024-10-06T04:33:16.975+0000] {processor.py:914} INFO - Processing file /opt/airflow/dags/hello_world.py for tasks to queue
[2024-10-06T04:33:16.976+0000] {logging_mixin.py:190} INFO - [2024-10-06T04:33:16.976+0000] {dagbag.py:588} INFO - Filling up the DagBag from /opt/airflow/dags/hello_world.py
[2024-10-06T04:33:16.983+0000] {processor.py:925} INFO - DAG(s) 'hello_world_ferian' retrieved from /opt/airflow/dags/hello_world.py
[2024-10-06T04:33:17.000+0000] {logging_mixin.py:190} INFO - [2024-10-06T04:33:16.999+0000] {dag.py:3239} INFO - Sync 1 DAGs
[2024-10-06T04:33:17.025+0000] {logging_mixin.py:190} INFO - [2024-10-06T04:33:17.025+0000] {dag.py:4180} INFO - Setting next_dagrun for hello_world_ferian to 2024-10-06 00:00:00+00:00, run_after=2024-10-07 00:00:00+00:00
[2024-10-06T04:33:17.062+0000] {processor.py:208} INFO - Processing /opt/airflow/dags/hello_world.py took 0.092 seconds
[2024-10-06T04:33:47.575+0000] {processor.py:186} INFO - Started process (PID=2794) to work on /opt/airflow/dags/hello_world.py
[2024-10-06T04:33:47.576+0000] {processor.py:914} INFO - Processing file /opt/airflow/dags/hello_world.py for tasks to queue
[2024-10-06T04:33:47.578+0000] {logging_mixin.py:190} INFO - [2024-10-06T04:33:47.577+0000] {dagbag.py:588} INFO - Filling up the DagBag from /opt/airflow/dags/hello_world.py
[2024-10-06T04:33:47.585+0000] {processor.py:925} INFO - DAG(s) 'hello_world_ferian' retrieved from /opt/airflow/dags/hello_world.py
[2024-10-06T04:33:47.599+0000] {logging_mixin.py:190} INFO - [2024-10-06T04:33:47.599+0000] {dag.py:3239} INFO - Sync 1 DAGs
[2024-10-06T04:33:47.617+0000] {logging_mixin.py:190} INFO - [2024-10-06T04:33:47.617+0000] {dag.py:4180} INFO - Setting next_dagrun for hello_world_ferian to 2024-10-06 00:00:00+00:00, run_after=2024-10-07 00:00:00+00:00
[2024-10-06T04:33:47.636+0000] {processor.py:208} INFO - Processing /opt/airflow/dags/hello_world.py took 0.064 seconds
[2024-10-06T04:34:18.320+0000] {processor.py:186} INFO - Started process (PID=2857) to work on /opt/airflow/dags/hello_world.py
[2024-10-06T04:34:18.321+0000] {processor.py:914} INFO - Processing file /opt/airflow/dags/hello_world.py for tasks to queue
[2024-10-06T04:34:18.322+0000] {logging_mixin.py:190} INFO - [2024-10-06T04:34:18.322+0000] {dagbag.py:588} INFO - Filling up the DagBag from /opt/airflow/dags/hello_world.py
[2024-10-06T04:34:18.329+0000] {processor.py:925} INFO - DAG(s) 'hello_world_ferian' retrieved from /opt/airflow/dags/hello_world.py
[2024-10-06T04:34:18.344+0000] {logging_mixin.py:190} INFO - [2024-10-06T04:34:18.344+0000] {dag.py:3239} INFO - Sync 1 DAGs
[2024-10-06T04:34:18.364+0000] {logging_mixin.py:190} INFO - [2024-10-06T04:34:18.364+0000] {dag.py:4180} INFO - Setting next_dagrun for hello_world_ferian to 2024-10-06 00:00:00+00:00, run_after=2024-10-07 00:00:00+00:00
[2024-10-06T04:34:18.382+0000] {processor.py:208} INFO - Processing /opt/airflow/dags/hello_world.py took 0.067 seconds
[2024-10-06T04:34:48.976+0000] {processor.py:186} INFO - Started process (PID=2920) to work on /opt/airflow/dags/hello_world.py
[2024-10-06T04:34:48.976+0000] {processor.py:914} INFO - Processing file /opt/airflow/dags/hello_world.py for tasks to queue
[2024-10-06T04:34:48.978+0000] {logging_mixin.py:190} INFO - [2024-10-06T04:34:48.978+0000] {dagbag.py:588} INFO - Filling up the DagBag from /opt/airflow/dags/hello_world.py
[2024-10-06T04:34:48.985+0000] {processor.py:925} INFO - DAG(s) 'hello_world_ferian' retrieved from /opt/airflow/dags/hello_world.py
[2024-10-06T04:34:48.999+0000] {logging_mixin.py:190} INFO - [2024-10-06T04:34:48.999+0000] {dag.py:3239} INFO - Sync 1 DAGs
[2024-10-06T04:34:49.019+0000] {logging_mixin.py:190} INFO - [2024-10-06T04:34:49.019+0000] {dag.py:4180} INFO - Setting next_dagrun for hello_world_ferian to 2024-10-06 00:00:00+00:00, run_after=2024-10-07 00:00:00+00:00
[2024-10-06T04:34:49.039+0000] {processor.py:208} INFO - Processing /opt/airflow/dags/hello_world.py took 0.068 seconds
[2024-10-06T04:35:19.121+0000] {processor.py:186} INFO - Started process (PID=2983) to work on /opt/airflow/dags/hello_world.py
[2024-10-06T04:35:19.121+0000] {processor.py:914} INFO - Processing file /opt/airflow/dags/hello_world.py for tasks to queue
[2024-10-06T04:35:19.123+0000] {logging_mixin.py:190} INFO - [2024-10-06T04:35:19.123+0000] {dagbag.py:588} INFO - Filling up the DagBag from /opt/airflow/dags/hello_world.py
[2024-10-06T04:35:19.129+0000] {processor.py:925} INFO - DAG(s) 'hello_world_ferian' retrieved from /opt/airflow/dags/hello_world.py
[2024-10-06T04:35:19.277+0000] {logging_mixin.py:190} INFO - [2024-10-06T04:35:19.277+0000] {dag.py:3239} INFO - Sync 1 DAGs
[2024-10-06T04:35:19.297+0000] {logging_mixin.py:190} INFO - [2024-10-06T04:35:19.297+0000] {dag.py:4180} INFO - Setting next_dagrun for hello_world_ferian to 2024-10-06 00:00:00+00:00, run_after=2024-10-07 00:00:00+00:00
[2024-10-06T04:35:19.317+0000] {processor.py:208} INFO - Processing /opt/airflow/dags/hello_world.py took 0.200 seconds
[2024-10-06T04:35:49.498+0000] {processor.py:186} INFO - Started process (PID=3042) to work on /opt/airflow/dags/hello_world.py
[2024-10-06T04:35:49.499+0000] {processor.py:914} INFO - Processing file /opt/airflow/dags/hello_world.py for tasks to queue
[2024-10-06T04:35:49.501+0000] {logging_mixin.py:190} INFO - [2024-10-06T04:35:49.500+0000] {dagbag.py:588} INFO - Filling up the DagBag from /opt/airflow/dags/hello_world.py
[2024-10-06T04:35:49.507+0000] {processor.py:925} INFO - DAG(s) 'hello_world_ferian' retrieved from /opt/airflow/dags/hello_world.py
[2024-10-06T04:35:49.527+0000] {logging_mixin.py:190} INFO - [2024-10-06T04:35:49.527+0000] {dag.py:3239} INFO - Sync 1 DAGs
[2024-10-06T04:35:49.555+0000] {logging_mixin.py:190} INFO - [2024-10-06T04:35:49.555+0000] {dag.py:4180} INFO - Setting next_dagrun for hello_world_ferian to 2024-10-06 00:00:00+00:00, run_after=2024-10-07 00:00:00+00:00
[2024-10-06T04:35:49.576+0000] {processor.py:208} INFO - Processing /opt/airflow/dags/hello_world.py took 0.082 seconds
[2024-10-06T04:36:19.930+0000] {processor.py:186} INFO - Started process (PID=3105) to work on /opt/airflow/dags/hello_world.py
[2024-10-06T04:36:19.930+0000] {processor.py:914} INFO - Processing file /opt/airflow/dags/hello_world.py for tasks to queue
[2024-10-06T04:36:19.932+0000] {logging_mixin.py:190} INFO - [2024-10-06T04:36:19.932+0000] {dagbag.py:588} INFO - Filling up the DagBag from /opt/airflow/dags/hello_world.py
[2024-10-06T04:36:19.939+0000] {processor.py:925} INFO - DAG(s) 'hello_world_ferian' retrieved from /opt/airflow/dags/hello_world.py
[2024-10-06T04:36:19.955+0000] {logging_mixin.py:190} INFO - [2024-10-06T04:36:19.955+0000] {dag.py:3239} INFO - Sync 1 DAGs
[2024-10-06T04:36:19.977+0000] {logging_mixin.py:190} INFO - [2024-10-06T04:36:19.977+0000] {dag.py:4180} INFO - Setting next_dagrun for hello_world_ferian to 2024-10-06 00:00:00+00:00, run_after=2024-10-07 00:00:00+00:00
[2024-10-06T04:36:20.001+0000] {processor.py:208} INFO - Processing /opt/airflow/dags/hello_world.py took 0.077 seconds
[2024-10-06T04:36:50.236+0000] {processor.py:186} INFO - Started process (PID=3168) to work on /opt/airflow/dags/hello_world.py
[2024-10-06T04:36:50.237+0000] {processor.py:914} INFO - Processing file /opt/airflow/dags/hello_world.py for tasks to queue
[2024-10-06T04:36:50.239+0000] {logging_mixin.py:190} INFO - [2024-10-06T04:36:50.239+0000] {dagbag.py:588} INFO - Filling up the DagBag from /opt/airflow/dags/hello_world.py
[2024-10-06T04:36:50.245+0000] {processor.py:925} INFO - DAG(s) 'hello_world_ferian' retrieved from /opt/airflow/dags/hello_world.py
[2024-10-06T04:36:50.260+0000] {logging_mixin.py:190} INFO - [2024-10-06T04:36:50.260+0000] {dag.py:3239} INFO - Sync 1 DAGs
[2024-10-06T04:36:50.284+0000] {logging_mixin.py:190} INFO - [2024-10-06T04:36:50.284+0000] {dag.py:4180} INFO - Setting next_dagrun for hello_world_ferian to 2024-10-06 00:00:00+00:00, run_after=2024-10-07 00:00:00+00:00
[2024-10-06T04:36:50.303+0000] {processor.py:208} INFO - Processing /opt/airflow/dags/hello_world.py took 0.072 seconds
[2024-10-06T04:37:20.545+0000] {processor.py:186} INFO - Started process (PID=3231) to work on /opt/airflow/dags/hello_world.py
[2024-10-06T04:37:20.546+0000] {processor.py:914} INFO - Processing file /opt/airflow/dags/hello_world.py for tasks to queue
[2024-10-06T04:37:20.548+0000] {logging_mixin.py:190} INFO - [2024-10-06T04:37:20.548+0000] {dagbag.py:588} INFO - Filling up the DagBag from /opt/airflow/dags/hello_world.py
[2024-10-06T04:37:20.555+0000] {processor.py:925} INFO - DAG(s) 'hello_world_ferian' retrieved from /opt/airflow/dags/hello_world.py
[2024-10-06T04:37:20.569+0000] {logging_mixin.py:190} INFO - [2024-10-06T04:37:20.569+0000] {dag.py:3239} INFO - Sync 1 DAGs
[2024-10-06T04:37:20.590+0000] {logging_mixin.py:190} INFO - [2024-10-06T04:37:20.590+0000] {dag.py:4180} INFO - Setting next_dagrun for hello_world_ferian to 2024-10-06 00:00:00+00:00, run_after=2024-10-07 00:00:00+00:00
[2024-10-06T04:37:20.608+0000] {processor.py:208} INFO - Processing /opt/airflow/dags/hello_world.py took 0.068 seconds
[2024-10-06T04:37:50.938+0000] {processor.py:186} INFO - Started process (PID=3294) to work on /opt/airflow/dags/hello_world.py
[2024-10-06T04:37:50.939+0000] {processor.py:914} INFO - Processing file /opt/airflow/dags/hello_world.py for tasks to queue
[2024-10-06T04:37:50.941+0000] {logging_mixin.py:190} INFO - [2024-10-06T04:37:50.940+0000] {dagbag.py:588} INFO - Filling up the DagBag from /opt/airflow/dags/hello_world.py
[2024-10-06T04:37:50.947+0000] {processor.py:925} INFO - DAG(s) 'hello_world_ferian' retrieved from /opt/airflow/dags/hello_world.py
[2024-10-06T04:37:50.962+0000] {logging_mixin.py:190} INFO - [2024-10-06T04:37:50.962+0000] {dag.py:3239} INFO - Sync 1 DAGs
[2024-10-06T04:37:50.980+0000] {logging_mixin.py:190} INFO - [2024-10-06T04:37:50.980+0000] {dag.py:4180} INFO - Setting next_dagrun for hello_world_ferian to 2024-10-06 00:00:00+00:00, run_after=2024-10-07 00:00:00+00:00
[2024-10-06T04:37:50.999+0000] {processor.py:208} INFO - Processing /opt/airflow/dags/hello_world.py took 0.065 seconds
[2024-10-06T04:38:21.074+0000] {processor.py:186} INFO - Started process (PID=3356) to work on /opt/airflow/dags/hello_world.py
[2024-10-06T04:38:21.075+0000] {processor.py:914} INFO - Processing file /opt/airflow/dags/hello_world.py for tasks to queue
[2024-10-06T04:38:21.077+0000] {logging_mixin.py:190} INFO - [2024-10-06T04:38:21.076+0000] {dagbag.py:588} INFO - Filling up the DagBag from /opt/airflow/dags/hello_world.py
[2024-10-06T04:38:21.083+0000] {processor.py:925} INFO - DAG(s) 'hello_world_ferian' retrieved from /opt/airflow/dags/hello_world.py
[2024-10-06T04:38:21.100+0000] {logging_mixin.py:190} INFO - [2024-10-06T04:38:21.100+0000] {dag.py:3239} INFO - Sync 1 DAGs
[2024-10-06T04:38:21.125+0000] {logging_mixin.py:190} INFO - [2024-10-06T04:38:21.125+0000] {dag.py:4180} INFO - Setting next_dagrun for hello_world_ferian to 2024-10-06 00:00:00+00:00, run_after=2024-10-07 00:00:00+00:00
[2024-10-06T04:38:21.148+0000] {processor.py:208} INFO - Processing /opt/airflow/dags/hello_world.py took 0.078 seconds
[2024-10-06T04:38:51.608+0000] {processor.py:186} INFO - Started process (PID=3419) to work on /opt/airflow/dags/hello_world.py
[2024-10-06T04:38:51.609+0000] {processor.py:914} INFO - Processing file /opt/airflow/dags/hello_world.py for tasks to queue
[2024-10-06T04:38:51.610+0000] {logging_mixin.py:190} INFO - [2024-10-06T04:38:51.610+0000] {dagbag.py:588} INFO - Filling up the DagBag from /opt/airflow/dags/hello_world.py
[2024-10-06T04:38:51.617+0000] {processor.py:925} INFO - DAG(s) 'hello_world_ferian' retrieved from /opt/airflow/dags/hello_world.py
[2024-10-06T04:38:51.632+0000] {logging_mixin.py:190} INFO - [2024-10-06T04:38:51.632+0000] {dag.py:3239} INFO - Sync 1 DAGs
[2024-10-06T04:38:51.651+0000] {logging_mixin.py:190} INFO - [2024-10-06T04:38:51.651+0000] {dag.py:4180} INFO - Setting next_dagrun for hello_world_ferian to 2024-10-06 00:00:00+00:00, run_after=2024-10-07 00:00:00+00:00
[2024-10-06T04:38:51.671+0000] {processor.py:208} INFO - Processing /opt/airflow/dags/hello_world.py took 0.067 seconds
[2024-10-06T04:39:22.048+0000] {processor.py:186} INFO - Started process (PID=3481) to work on /opt/airflow/dags/hello_world.py
[2024-10-06T04:39:22.048+0000] {processor.py:914} INFO - Processing file /opt/airflow/dags/hello_world.py for tasks to queue
[2024-10-06T04:39:22.050+0000] {logging_mixin.py:190} INFO - [2024-10-06T04:39:22.050+0000] {dagbag.py:588} INFO - Filling up the DagBag from /opt/airflow/dags/hello_world.py
[2024-10-06T04:39:22.057+0000] {processor.py:925} INFO - DAG(s) 'hello_world_ferian' retrieved from /opt/airflow/dags/hello_world.py
[2024-10-06T04:39:22.076+0000] {logging_mixin.py:190} INFO - [2024-10-06T04:39:22.075+0000] {dag.py:3239} INFO - Sync 1 DAGs
[2024-10-06T04:39:22.102+0000] {logging_mixin.py:190} INFO - [2024-10-06T04:39:22.102+0000] {dag.py:4180} INFO - Setting next_dagrun for hello_world_ferian to 2024-10-06 00:00:00+00:00, run_after=2024-10-07 00:00:00+00:00
[2024-10-06T04:39:22.135+0000] {processor.py:208} INFO - Processing /opt/airflow/dags/hello_world.py took 0.091 seconds
[2024-10-06T04:39:52.415+0000] {processor.py:186} INFO - Started process (PID=3543) to work on /opt/airflow/dags/hello_world.py
[2024-10-06T04:39:52.416+0000] {processor.py:914} INFO - Processing file /opt/airflow/dags/hello_world.py for tasks to queue
[2024-10-06T04:39:52.418+0000] {logging_mixin.py:190} INFO - [2024-10-06T04:39:52.418+0000] {dagbag.py:588} INFO - Filling up the DagBag from /opt/airflow/dags/hello_world.py
[2024-10-06T04:39:52.425+0000] {processor.py:925} INFO - DAG(s) 'hello_world_ferian' retrieved from /opt/airflow/dags/hello_world.py
[2024-10-06T04:39:52.440+0000] {logging_mixin.py:190} INFO - [2024-10-06T04:39:52.439+0000] {dag.py:3239} INFO - Sync 1 DAGs
[2024-10-06T04:39:52.460+0000] {logging_mixin.py:190} INFO - [2024-10-06T04:39:52.460+0000] {dag.py:4180} INFO - Setting next_dagrun for hello_world_ferian to 2024-10-06 00:00:00+00:00, run_after=2024-10-07 00:00:00+00:00
[2024-10-06T04:39:52.479+0000] {processor.py:208} INFO - Processing /opt/airflow/dags/hello_world.py took 0.070 seconds
[2024-10-06T04:40:22.782+0000] {processor.py:186} INFO - Started process (PID=3606) to work on /opt/airflow/dags/hello_world.py
[2024-10-06T04:40:22.783+0000] {processor.py:914} INFO - Processing file /opt/airflow/dags/hello_world.py for tasks to queue
[2024-10-06T04:40:22.784+0000] {logging_mixin.py:190} INFO - [2024-10-06T04:40:22.784+0000] {dagbag.py:588} INFO - Filling up the DagBag from /opt/airflow/dags/hello_world.py
[2024-10-06T04:40:22.791+0000] {processor.py:925} INFO - DAG(s) 'hello_world_ferian' retrieved from /opt/airflow/dags/hello_world.py
[2024-10-06T04:40:22.814+0000] {logging_mixin.py:190} INFO - [2024-10-06T04:40:22.813+0000] {dag.py:3239} INFO - Sync 1 DAGs
[2024-10-06T04:40:22.847+0000] {logging_mixin.py:190} INFO - [2024-10-06T04:40:22.846+0000] {dag.py:4180} INFO - Setting next_dagrun for hello_world_ferian to 2024-10-06 00:00:00+00:00, run_after=2024-10-07 00:00:00+00:00
[2024-10-06T04:40:22.883+0000] {processor.py:208} INFO - Processing /opt/airflow/dags/hello_world.py took 0.105 seconds
[2024-10-06T04:40:53.059+0000] {processor.py:186} INFO - Started process (PID=3669) to work on /opt/airflow/dags/hello_world.py
[2024-10-06T04:40:53.060+0000] {processor.py:914} INFO - Processing file /opt/airflow/dags/hello_world.py for tasks to queue
[2024-10-06T04:40:53.061+0000] {logging_mixin.py:190} INFO - [2024-10-06T04:40:53.061+0000] {dagbag.py:588} INFO - Filling up the DagBag from /opt/airflow/dags/hello_world.py
[2024-10-06T04:40:53.068+0000] {processor.py:925} INFO - DAG(s) 'hello_world_ferian' retrieved from /opt/airflow/dags/hello_world.py
[2024-10-06T04:40:53.085+0000] {logging_mixin.py:190} INFO - [2024-10-06T04:40:53.084+0000] {dag.py:3239} INFO - Sync 1 DAGs
[2024-10-06T04:40:53.103+0000] {logging_mixin.py:190} INFO - [2024-10-06T04:40:53.103+0000] {dag.py:4180} INFO - Setting next_dagrun for hello_world_ferian to 2024-10-06 00:00:00+00:00, run_after=2024-10-07 00:00:00+00:00
[2024-10-06T04:40:53.121+0000] {processor.py:208} INFO - Processing /opt/airflow/dags/hello_world.py took 0.066 seconds
[2024-10-06T04:41:23.269+0000] {processor.py:186} INFO - Started process (PID=3732) to work on /opt/airflow/dags/hello_world.py
[2024-10-06T04:41:23.270+0000] {processor.py:914} INFO - Processing file /opt/airflow/dags/hello_world.py for tasks to queue
[2024-10-06T04:41:23.272+0000] {logging_mixin.py:190} INFO - [2024-10-06T04:41:23.271+0000] {dagbag.py:588} INFO - Filling up the DagBag from /opt/airflow/dags/hello_world.py
[2024-10-06T04:41:23.281+0000] {processor.py:925} INFO - DAG(s) 'hello_world_ferian' retrieved from /opt/airflow/dags/hello_world.py
[2024-10-06T04:41:23.302+0000] {logging_mixin.py:190} INFO - [2024-10-06T04:41:23.302+0000] {dag.py:3239} INFO - Sync 1 DAGs
[2024-10-06T04:41:23.328+0000] {logging_mixin.py:190} INFO - [2024-10-06T04:41:23.328+0000] {dag.py:4180} INFO - Setting next_dagrun for hello_world_ferian to 2024-10-06 00:00:00+00:00, run_after=2024-10-07 00:00:00+00:00
[2024-10-06T04:41:23.352+0000] {processor.py:208} INFO - Processing /opt/airflow/dags/hello_world.py took 0.089 seconds
[2024-10-06T04:41:53.559+0000] {processor.py:186} INFO - Started process (PID=3795) to work on /opt/airflow/dags/hello_world.py
[2024-10-06T04:41:53.559+0000] {processor.py:914} INFO - Processing file /opt/airflow/dags/hello_world.py for tasks to queue
[2024-10-06T04:41:53.561+0000] {logging_mixin.py:190} INFO - [2024-10-06T04:41:53.561+0000] {dagbag.py:588} INFO - Filling up the DagBag from /opt/airflow/dags/hello_world.py
[2024-10-06T04:41:53.568+0000] {processor.py:925} INFO - DAG(s) 'hello_world_ferian' retrieved from /opt/airflow/dags/hello_world.py
[2024-10-06T04:41:53.582+0000] {logging_mixin.py:190} INFO - [2024-10-06T04:41:53.582+0000] {dag.py:3239} INFO - Sync 1 DAGs
[2024-10-06T04:41:53.607+0000] {logging_mixin.py:190} INFO - [2024-10-06T04:41:53.606+0000] {dag.py:4180} INFO - Setting next_dagrun for hello_world_ferian to 2024-10-06 00:00:00+00:00, run_after=2024-10-07 00:00:00+00:00
[2024-10-06T04:41:53.628+0000] {processor.py:208} INFO - Processing /opt/airflow/dags/hello_world.py took 0.074 seconds
[2024-10-06T04:42:23.798+0000] {processor.py:186} INFO - Started process (PID=3858) to work on /opt/airflow/dags/hello_world.py
[2024-10-06T04:42:23.799+0000] {processor.py:914} INFO - Processing file /opt/airflow/dags/hello_world.py for tasks to queue
[2024-10-06T04:42:23.801+0000] {logging_mixin.py:190} INFO - [2024-10-06T04:42:23.800+0000] {dagbag.py:588} INFO - Filling up the DagBag from /opt/airflow/dags/hello_world.py
[2024-10-06T04:42:23.807+0000] {processor.py:925} INFO - DAG(s) 'hello_world_ferian' retrieved from /opt/airflow/dags/hello_world.py
[2024-10-06T04:42:23.824+0000] {logging_mixin.py:190} INFO - [2024-10-06T04:42:23.824+0000] {dag.py:3239} INFO - Sync 1 DAGs
[2024-10-06T04:42:23.845+0000] {logging_mixin.py:190} INFO - [2024-10-06T04:42:23.845+0000] {dag.py:4180} INFO - Setting next_dagrun for hello_world_ferian to 2024-10-06 00:00:00+00:00, run_after=2024-10-07 00:00:00+00:00
[2024-10-06T04:42:23.874+0000] {processor.py:208} INFO - Processing /opt/airflow/dags/hello_world.py took 0.080 seconds
[2024-10-06T04:42:54.049+0000] {processor.py:186} INFO - Started process (PID=3922) to work on /opt/airflow/dags/hello_world.py
[2024-10-06T04:42:54.050+0000] {processor.py:914} INFO - Processing file /opt/airflow/dags/hello_world.py for tasks to queue
[2024-10-06T04:42:54.051+0000] {logging_mixin.py:190} INFO - [2024-10-06T04:42:54.051+0000] {dagbag.py:588} INFO - Filling up the DagBag from /opt/airflow/dags/hello_world.py
[2024-10-06T04:42:54.058+0000] {processor.py:925} INFO - DAG(s) 'hello_world_ferian' retrieved from /opt/airflow/dags/hello_world.py
[2024-10-06T04:42:54.076+0000] {logging_mixin.py:190} INFO - [2024-10-06T04:42:54.076+0000] {dag.py:3239} INFO - Sync 1 DAGs
[2024-10-06T04:42:54.100+0000] {logging_mixin.py:190} INFO - [2024-10-06T04:42:54.100+0000] {dag.py:4180} INFO - Setting next_dagrun for hello_world_ferian to 2024-10-06 00:00:00+00:00, run_after=2024-10-07 00:00:00+00:00
[2024-10-06T04:42:54.122+0000] {processor.py:208} INFO - Processing /opt/airflow/dags/hello_world.py took 0.077 seconds
[2024-10-06T04:43:24.437+0000] {processor.py:186} INFO - Started process (PID=3985) to work on /opt/airflow/dags/hello_world.py
[2024-10-06T04:43:24.438+0000] {processor.py:914} INFO - Processing file /opt/airflow/dags/hello_world.py for tasks to queue
[2024-10-06T04:43:24.439+0000] {logging_mixin.py:190} INFO - [2024-10-06T04:43:24.439+0000] {dagbag.py:588} INFO - Filling up the DagBag from /opt/airflow/dags/hello_world.py
[2024-10-06T04:43:24.447+0000] {processor.py:925} INFO - DAG(s) 'hello_world_ferian' retrieved from /opt/airflow/dags/hello_world.py
[2024-10-06T04:43:24.467+0000] {logging_mixin.py:190} INFO - [2024-10-06T04:43:24.466+0000] {dag.py:3239} INFO - Sync 1 DAGs
[2024-10-06T04:43:24.492+0000] {logging_mixin.py:190} INFO - [2024-10-06T04:43:24.492+0000] {dag.py:4180} INFO - Setting next_dagrun for hello_world_ferian to 2024-10-06 00:00:00+00:00, run_after=2024-10-07 00:00:00+00:00
[2024-10-06T04:43:24.516+0000] {processor.py:208} INFO - Processing /opt/airflow/dags/hello_world.py took 0.083 seconds
[2024-10-06T04:43:54.746+0000] {processor.py:186} INFO - Started process (PID=4048) to work on /opt/airflow/dags/hello_world.py
[2024-10-06T04:43:54.747+0000] {processor.py:914} INFO - Processing file /opt/airflow/dags/hello_world.py for tasks to queue
[2024-10-06T04:43:54.749+0000] {logging_mixin.py:190} INFO - [2024-10-06T04:43:54.748+0000] {dagbag.py:588} INFO - Filling up the DagBag from /opt/airflow/dags/hello_world.py
[2024-10-06T04:43:54.755+0000] {processor.py:925} INFO - DAG(s) 'hello_world_ferian' retrieved from /opt/airflow/dags/hello_world.py
[2024-10-06T04:43:54.770+0000] {logging_mixin.py:190} INFO - [2024-10-06T04:43:54.770+0000] {dag.py:3239} INFO - Sync 1 DAGs
[2024-10-06T04:43:54.794+0000] {logging_mixin.py:190} INFO - [2024-10-06T04:43:54.794+0000] {dag.py:4180} INFO - Setting next_dagrun for hello_world_ferian to 2024-10-06 00:00:00+00:00, run_after=2024-10-07 00:00:00+00:00
[2024-10-06T04:43:54.819+0000] {processor.py:208} INFO - Processing /opt/airflow/dags/hello_world.py took 0.077 seconds
[2024-10-06T04:44:25.269+0000] {processor.py:186} INFO - Started process (PID=4111) to work on /opt/airflow/dags/hello_world.py
[2024-10-06T04:44:25.270+0000] {processor.py:914} INFO - Processing file /opt/airflow/dags/hello_world.py for tasks to queue
[2024-10-06T04:44:25.271+0000] {logging_mixin.py:190} INFO - [2024-10-06T04:44:25.271+0000] {dagbag.py:588} INFO - Filling up the DagBag from /opt/airflow/dags/hello_world.py
[2024-10-06T04:44:25.278+0000] {processor.py:925} INFO - DAG(s) 'hello_world_ferian' retrieved from /opt/airflow/dags/hello_world.py
[2024-10-06T04:44:25.295+0000] {logging_mixin.py:190} INFO - [2024-10-06T04:44:25.295+0000] {dag.py:3239} INFO - Sync 1 DAGs
[2024-10-06T04:44:25.316+0000] {logging_mixin.py:190} INFO - [2024-10-06T04:44:25.315+0000] {dag.py:4180} INFO - Setting next_dagrun for hello_world_ferian to 2024-10-06 00:00:00+00:00, run_after=2024-10-07 00:00:00+00:00
[2024-10-06T04:44:25.335+0000] {processor.py:208} INFO - Processing /opt/airflow/dags/hello_world.py took 0.070 seconds
[2024-10-06T04:44:55.562+0000] {processor.py:186} INFO - Started process (PID=4174) to work on /opt/airflow/dags/hello_world.py
[2024-10-06T04:44:55.562+0000] {processor.py:914} INFO - Processing file /opt/airflow/dags/hello_world.py for tasks to queue
[2024-10-06T04:44:55.564+0000] {logging_mixin.py:190} INFO - [2024-10-06T04:44:55.564+0000] {dagbag.py:588} INFO - Filling up the DagBag from /opt/airflow/dags/hello_world.py
[2024-10-06T04:44:55.573+0000] {processor.py:925} INFO - DAG(s) 'hello_world_ferian' retrieved from /opt/airflow/dags/hello_world.py
[2024-10-06T04:44:55.587+0000] {logging_mixin.py:190} INFO - [2024-10-06T04:44:55.587+0000] {dag.py:3239} INFO - Sync 1 DAGs
[2024-10-06T04:44:55.608+0000] {logging_mixin.py:190} INFO - [2024-10-06T04:44:55.607+0000] {dag.py:4180} INFO - Setting next_dagrun for hello_world_ferian to 2024-10-06 00:00:00+00:00, run_after=2024-10-07 00:00:00+00:00
[2024-10-06T04:44:55.628+0000] {processor.py:208} INFO - Processing /opt/airflow/dags/hello_world.py took 0.072 seconds
[2024-10-06T04:45:25.991+0000] {processor.py:186} INFO - Started process (PID=4237) to work on /opt/airflow/dags/hello_world.py
[2024-10-06T04:45:25.992+0000] {processor.py:914} INFO - Processing file /opt/airflow/dags/hello_world.py for tasks to queue
[2024-10-06T04:45:25.993+0000] {logging_mixin.py:190} INFO - [2024-10-06T04:45:25.993+0000] {dagbag.py:588} INFO - Filling up the DagBag from /opt/airflow/dags/hello_world.py
[2024-10-06T04:45:26.000+0000] {processor.py:925} INFO - DAG(s) 'hello_world_ferian' retrieved from /opt/airflow/dags/hello_world.py
[2024-10-06T04:45:26.017+0000] {logging_mixin.py:190} INFO - [2024-10-06T04:45:26.017+0000] {dag.py:3239} INFO - Sync 1 DAGs
[2024-10-06T04:45:26.035+0000] {logging_mixin.py:190} INFO - [2024-10-06T04:45:26.035+0000] {dag.py:4180} INFO - Setting next_dagrun for hello_world_ferian to 2024-10-06 00:00:00+00:00, run_after=2024-10-07 00:00:00+00:00
[2024-10-06T04:45:26.055+0000] {processor.py:208} INFO - Processing /opt/airflow/dags/hello_world.py took 0.068 seconds
[2024-10-06T04:45:56.338+0000] {processor.py:186} INFO - Started process (PID=4300) to work on /opt/airflow/dags/hello_world.py
[2024-10-06T04:45:56.339+0000] {processor.py:914} INFO - Processing file /opt/airflow/dags/hello_world.py for tasks to queue
[2024-10-06T04:45:56.341+0000] {logging_mixin.py:190} INFO - [2024-10-06T04:45:56.340+0000] {dagbag.py:588} INFO - Filling up the DagBag from /opt/airflow/dags/hello_world.py
[2024-10-06T04:45:56.347+0000] {processor.py:925} INFO - DAG(s) 'hello_world_ferian' retrieved from /opt/airflow/dags/hello_world.py
[2024-10-06T04:45:56.364+0000] {logging_mixin.py:190} INFO - [2024-10-06T04:45:56.364+0000] {dag.py:3239} INFO - Sync 1 DAGs
[2024-10-06T04:45:56.388+0000] {logging_mixin.py:190} INFO - [2024-10-06T04:45:56.388+0000] {dag.py:4180} INFO - Setting next_dagrun for hello_world_ferian to 2024-10-06 00:00:00+00:00, run_after=2024-10-07 00:00:00+00:00
[2024-10-06T04:45:56.413+0000] {processor.py:208} INFO - Processing /opt/airflow/dags/hello_world.py took 0.079 seconds
[2024-10-06T04:46:26.837+0000] {processor.py:186} INFO - Started process (PID=4363) to work on /opt/airflow/dags/hello_world.py
[2024-10-06T04:46:26.838+0000] {processor.py:914} INFO - Processing file /opt/airflow/dags/hello_world.py for tasks to queue
[2024-10-06T04:46:26.839+0000] {logging_mixin.py:190} INFO - [2024-10-06T04:46:26.839+0000] {dagbag.py:588} INFO - Filling up the DagBag from /opt/airflow/dags/hello_world.py
[2024-10-06T04:46:26.846+0000] {processor.py:925} INFO - DAG(s) 'hello_world_ferian' retrieved from /opt/airflow/dags/hello_world.py
[2024-10-06T04:46:26.863+0000] {logging_mixin.py:190} INFO - [2024-10-06T04:46:26.863+0000] {dag.py:3239} INFO - Sync 1 DAGs
[2024-10-06T04:46:26.883+0000] {logging_mixin.py:190} INFO - [2024-10-06T04:46:26.883+0000] {dag.py:4180} INFO - Setting next_dagrun for hello_world_ferian to 2024-10-06 00:00:00+00:00, run_after=2024-10-07 00:00:00+00:00
[2024-10-06T04:46:26.902+0000] {processor.py:208} INFO - Processing /opt/airflow/dags/hello_world.py took 0.069 seconds
[2024-10-06T04:46:57.199+0000] {processor.py:186} INFO - Started process (PID=4426) to work on /opt/airflow/dags/hello_world.py
[2024-10-06T04:46:57.199+0000] {processor.py:914} INFO - Processing file /opt/airflow/dags/hello_world.py for tasks to queue
[2024-10-06T04:46:57.201+0000] {logging_mixin.py:190} INFO - [2024-10-06T04:46:57.201+0000] {dagbag.py:588} INFO - Filling up the DagBag from /opt/airflow/dags/hello_world.py
[2024-10-06T04:46:57.207+0000] {processor.py:925} INFO - DAG(s) 'hello_world_ferian' retrieved from /opt/airflow/dags/hello_world.py
[2024-10-06T04:46:57.222+0000] {logging_mixin.py:190} INFO - [2024-10-06T04:46:57.222+0000] {dag.py:3239} INFO - Sync 1 DAGs
[2024-10-06T04:46:57.246+0000] {logging_mixin.py:190} INFO - [2024-10-06T04:46:57.246+0000] {dag.py:4180} INFO - Setting next_dagrun for hello_world_ferian to 2024-10-06 00:00:00+00:00, run_after=2024-10-07 00:00:00+00:00
[2024-10-06T04:46:57.267+0000] {processor.py:208} INFO - Processing /opt/airflow/dags/hello_world.py took 0.072 seconds
[2024-10-06T04:47:27.473+0000] {processor.py:186} INFO - Started process (PID=4489) to work on /opt/airflow/dags/hello_world.py
[2024-10-06T04:47:27.474+0000] {processor.py:914} INFO - Processing file /opt/airflow/dags/hello_world.py for tasks to queue
[2024-10-06T04:47:27.475+0000] {logging_mixin.py:190} INFO - [2024-10-06T04:47:27.475+0000] {dagbag.py:588} INFO - Filling up the DagBag from /opt/airflow/dags/hello_world.py
[2024-10-06T04:47:27.482+0000] {processor.py:925} INFO - DAG(s) 'hello_world_ferian' retrieved from /opt/airflow/dags/hello_world.py
[2024-10-06T04:47:27.497+0000] {logging_mixin.py:190} INFO - [2024-10-06T04:47:27.497+0000] {dag.py:3239} INFO - Sync 1 DAGs
[2024-10-06T04:47:27.525+0000] {logging_mixin.py:190} INFO - [2024-10-06T04:47:27.525+0000] {dag.py:4180} INFO - Setting next_dagrun for hello_world_ferian to 2024-10-06 00:00:00+00:00, run_after=2024-10-07 00:00:00+00:00
[2024-10-06T04:47:27.547+0000] {processor.py:208} INFO - Processing /opt/airflow/dags/hello_world.py took 0.078 seconds
[2024-10-06T04:47:58.035+0000] {processor.py:186} INFO - Started process (PID=4559) to work on /opt/airflow/dags/hello_world.py
[2024-10-06T04:47:58.036+0000] {processor.py:914} INFO - Processing file /opt/airflow/dags/hello_world.py for tasks to queue
[2024-10-06T04:47:58.038+0000] {logging_mixin.py:190} INFO - [2024-10-06T04:47:58.038+0000] {dagbag.py:588} INFO - Filling up the DagBag from /opt/airflow/dags/hello_world.py
[2024-10-06T04:47:58.044+0000] {processor.py:925} INFO - DAG(s) 'hello_world_ferian' retrieved from /opt/airflow/dags/hello_world.py
[2024-10-06T04:47:58.060+0000] {logging_mixin.py:190} INFO - [2024-10-06T04:47:58.059+0000] {dag.py:3239} INFO - Sync 1 DAGs
[2024-10-06T04:47:58.085+0000] {logging_mixin.py:190} INFO - [2024-10-06T04:47:58.084+0000] {dag.py:4180} INFO - Setting next_dagrun for hello_world_ferian to 2024-10-06 00:00:00+00:00, run_after=2024-10-07 00:00:00+00:00
[2024-10-06T04:47:58.106+0000] {processor.py:208} INFO - Processing /opt/airflow/dags/hello_world.py took 0.075 seconds
[2024-10-06T04:48:28.600+0000] {processor.py:186} INFO - Started process (PID=4623) to work on /opt/airflow/dags/hello_world.py
[2024-10-06T04:48:28.600+0000] {processor.py:914} INFO - Processing file /opt/airflow/dags/hello_world.py for tasks to queue
[2024-10-06T04:48:28.602+0000] {logging_mixin.py:190} INFO - [2024-10-06T04:48:28.602+0000] {dagbag.py:588} INFO - Filling up the DagBag from /opt/airflow/dags/hello_world.py
[2024-10-06T04:48:28.609+0000] {processor.py:925} INFO - DAG(s) 'hello_world_ferian' retrieved from /opt/airflow/dags/hello_world.py
[2024-10-06T04:48:28.625+0000] {logging_mixin.py:190} INFO - [2024-10-06T04:48:28.625+0000] {dag.py:3239} INFO - Sync 1 DAGs
[2024-10-06T04:48:28.646+0000] {logging_mixin.py:190} INFO - [2024-10-06T04:48:28.646+0000] {dag.py:4180} INFO - Setting next_dagrun for hello_world_ferian to 2024-10-06 00:00:00+00:00, run_after=2024-10-07 00:00:00+00:00
[2024-10-06T04:48:28.668+0000] {processor.py:208} INFO - Processing /opt/airflow/dags/hello_world.py took 0.072 seconds
[2024-10-06T04:48:58.792+0000] {processor.py:186} INFO - Started process (PID=4687) to work on /opt/airflow/dags/hello_world.py
[2024-10-06T04:48:58.792+0000] {processor.py:914} INFO - Processing file /opt/airflow/dags/hello_world.py for tasks to queue
[2024-10-06T04:48:58.794+0000] {logging_mixin.py:190} INFO - [2024-10-06T04:48:58.794+0000] {dagbag.py:588} INFO - Filling up the DagBag from /opt/airflow/dags/hello_world.py
[2024-10-06T04:48:58.801+0000] {processor.py:925} INFO - DAG(s) 'hello_world_ferian' retrieved from /opt/airflow/dags/hello_world.py
[2024-10-06T04:48:58.817+0000] {logging_mixin.py:190} INFO - [2024-10-06T04:48:58.817+0000] {dag.py:3239} INFO - Sync 1 DAGs
[2024-10-06T04:48:58.841+0000] {logging_mixin.py:190} INFO - [2024-10-06T04:48:58.841+0000] {dag.py:4180} INFO - Setting next_dagrun for hello_world_ferian to 2024-10-06 00:00:00+00:00, run_after=2024-10-07 00:00:00+00:00
[2024-10-06T04:48:58.863+0000] {processor.py:208} INFO - Processing /opt/airflow/dags/hello_world.py took 0.076 seconds
[2024-10-06T04:49:29.286+0000] {processor.py:186} INFO - Started process (PID=4750) to work on /opt/airflow/dags/hello_world.py
[2024-10-06T04:49:29.287+0000] {processor.py:914} INFO - Processing file /opt/airflow/dags/hello_world.py for tasks to queue
[2024-10-06T04:49:29.288+0000] {logging_mixin.py:190} INFO - [2024-10-06T04:49:29.288+0000] {dagbag.py:588} INFO - Filling up the DagBag from /opt/airflow/dags/hello_world.py
[2024-10-06T04:49:29.295+0000] {processor.py:925} INFO - DAG(s) 'hello_world_ferian' retrieved from /opt/airflow/dags/hello_world.py
[2024-10-06T04:49:29.312+0000] {logging_mixin.py:190} INFO - [2024-10-06T04:49:29.312+0000] {dag.py:3239} INFO - Sync 1 DAGs
[2024-10-06T04:49:29.337+0000] {logging_mixin.py:190} INFO - [2024-10-06T04:49:29.337+0000] {dag.py:4180} INFO - Setting next_dagrun for hello_world_ferian to 2024-10-06 00:00:00+00:00, run_after=2024-10-07 00:00:00+00:00
[2024-10-06T04:49:29.359+0000] {processor.py:208} INFO - Processing /opt/airflow/dags/hello_world.py took 0.077 seconds
[2024-10-06T04:49:59.548+0000] {processor.py:186} INFO - Started process (PID=4814) to work on /opt/airflow/dags/hello_world.py
[2024-10-06T04:49:59.549+0000] {processor.py:914} INFO - Processing file /opt/airflow/dags/hello_world.py for tasks to queue
[2024-10-06T04:49:59.550+0000] {logging_mixin.py:190} INFO - [2024-10-06T04:49:59.550+0000] {dagbag.py:588} INFO - Filling up the DagBag from /opt/airflow/dags/hello_world.py
[2024-10-06T04:49:59.557+0000] {processor.py:925} INFO - DAG(s) 'hello_world_ferian' retrieved from /opt/airflow/dags/hello_world.py
[2024-10-06T04:49:59.572+0000] {logging_mixin.py:190} INFO - [2024-10-06T04:49:59.572+0000] {dag.py:3239} INFO - Sync 1 DAGs
[2024-10-06T04:49:59.591+0000] {logging_mixin.py:190} INFO - [2024-10-06T04:49:59.591+0000] {dag.py:4180} INFO - Setting next_dagrun for hello_world_ferian to 2024-10-06 00:00:00+00:00, run_after=2024-10-07 00:00:00+00:00
[2024-10-06T04:49:59.612+0000] {processor.py:208} INFO - Processing /opt/airflow/dags/hello_world.py took 0.068 seconds
[2024-10-06T04:50:29.879+0000] {processor.py:186} INFO - Started process (PID=4877) to work on /opt/airflow/dags/hello_world.py
[2024-10-06T04:50:29.879+0000] {processor.py:914} INFO - Processing file /opt/airflow/dags/hello_world.py for tasks to queue
[2024-10-06T04:50:29.881+0000] {logging_mixin.py:190} INFO - [2024-10-06T04:50:29.881+0000] {dagbag.py:588} INFO - Filling up the DagBag from /opt/airflow/dags/hello_world.py
[2024-10-06T04:50:29.888+0000] {processor.py:925} INFO - DAG(s) 'hello_world_ferian' retrieved from /opt/airflow/dags/hello_world.py
[2024-10-06T04:50:29.903+0000] {logging_mixin.py:190} INFO - [2024-10-06T04:50:29.903+0000] {dag.py:3239} INFO - Sync 1 DAGs
[2024-10-06T04:50:29.925+0000] {logging_mixin.py:190} INFO - [2024-10-06T04:50:29.925+0000] {dag.py:4180} INFO - Setting next_dagrun for hello_world_ferian to 2024-10-06 00:00:00+00:00, run_after=2024-10-07 00:00:00+00:00
[2024-10-06T04:50:29.947+0000] {processor.py:208} INFO - Processing /opt/airflow/dags/hello_world.py took 0.074 seconds
[2024-10-06T04:51:00.061+0000] {processor.py:186} INFO - Started process (PID=4941) to work on /opt/airflow/dags/hello_world.py
[2024-10-06T04:51:00.062+0000] {processor.py:914} INFO - Processing file /opt/airflow/dags/hello_world.py for tasks to queue
[2024-10-06T04:51:00.063+0000] {logging_mixin.py:190} INFO - [2024-10-06T04:51:00.063+0000] {dagbag.py:588} INFO - Filling up the DagBag from /opt/airflow/dags/hello_world.py
[2024-10-06T04:51:00.070+0000] {processor.py:925} INFO - DAG(s) 'hello_world_ferian' retrieved from /opt/airflow/dags/hello_world.py
[2024-10-06T04:51:00.087+0000] {logging_mixin.py:190} INFO - [2024-10-06T04:51:00.087+0000] {dag.py:3239} INFO - Sync 1 DAGs
[2024-10-06T04:51:00.111+0000] {logging_mixin.py:190} INFO - [2024-10-06T04:51:00.110+0000] {dag.py:4180} INFO - Setting next_dagrun for hello_world_ferian to 2024-10-06 00:00:00+00:00, run_after=2024-10-07 00:00:00+00:00
[2024-10-06T04:51:00.137+0000] {processor.py:208} INFO - Processing /opt/airflow/dags/hello_world.py took 0.080 seconds
[2024-10-06T04:51:30.499+0000] {processor.py:186} INFO - Started process (PID=5004) to work on /opt/airflow/dags/hello_world.py
[2024-10-06T04:51:30.500+0000] {processor.py:914} INFO - Processing file /opt/airflow/dags/hello_world.py for tasks to queue
[2024-10-06T04:51:30.502+0000] {logging_mixin.py:190} INFO - [2024-10-06T04:51:30.501+0000] {dagbag.py:588} INFO - Filling up the DagBag from /opt/airflow/dags/hello_world.py
[2024-10-06T04:51:30.508+0000] {processor.py:925} INFO - DAG(s) 'hello_world_ferian' retrieved from /opt/airflow/dags/hello_world.py
[2024-10-06T04:51:30.523+0000] {logging_mixin.py:190} INFO - [2024-10-06T04:51:30.523+0000] {dag.py:3239} INFO - Sync 1 DAGs
[2024-10-06T04:51:30.541+0000] {logging_mixin.py:190} INFO - [2024-10-06T04:51:30.541+0000] {dag.py:4180} INFO - Setting next_dagrun for hello_world_ferian to 2024-10-06 00:00:00+00:00, run_after=2024-10-07 00:00:00+00:00
[2024-10-06T04:51:30.559+0000] {processor.py:208} INFO - Processing /opt/airflow/dags/hello_world.py took 0.065 seconds
[2024-10-06T04:52:01.208+0000] {processor.py:186} INFO - Started process (PID=5067) to work on /opt/airflow/dags/hello_world.py
[2024-10-06T04:52:01.209+0000] {processor.py:914} INFO - Processing file /opt/airflow/dags/hello_world.py for tasks to queue
[2024-10-06T04:52:01.210+0000] {logging_mixin.py:190} INFO - [2024-10-06T04:52:01.210+0000] {dagbag.py:588} INFO - Filling up the DagBag from /opt/airflow/dags/hello_world.py
[2024-10-06T04:52:01.217+0000] {processor.py:925} INFO - DAG(s) 'hello_world_ferian' retrieved from /opt/airflow/dags/hello_world.py
[2024-10-06T04:52:01.234+0000] {logging_mixin.py:190} INFO - [2024-10-06T04:52:01.234+0000] {dag.py:3239} INFO - Sync 1 DAGs
[2024-10-06T04:52:01.258+0000] {logging_mixin.py:190} INFO - [2024-10-06T04:52:01.258+0000] {dag.py:4180} INFO - Setting next_dagrun for hello_world_ferian to 2024-10-06 00:00:00+00:00, run_after=2024-10-07 00:00:00+00:00
[2024-10-06T04:52:01.286+0000] {processor.py:208} INFO - Processing /opt/airflow/dags/hello_world.py took 0.082 seconds
[2024-10-06T04:52:31.418+0000] {processor.py:186} INFO - Started process (PID=5130) to work on /opt/airflow/dags/hello_world.py
[2024-10-06T04:52:31.419+0000] {processor.py:914} INFO - Processing file /opt/airflow/dags/hello_world.py for tasks to queue
[2024-10-06T04:52:31.421+0000] {logging_mixin.py:190} INFO - [2024-10-06T04:52:31.421+0000] {dagbag.py:588} INFO - Filling up the DagBag from /opt/airflow/dags/hello_world.py
[2024-10-06T04:52:31.428+0000] {processor.py:925} INFO - DAG(s) 'hello_world_ferian' retrieved from /opt/airflow/dags/hello_world.py
[2024-10-06T04:52:31.442+0000] {logging_mixin.py:190} INFO - [2024-10-06T04:52:31.442+0000] {dag.py:3239} INFO - Sync 1 DAGs
[2024-10-06T04:52:31.462+0000] {logging_mixin.py:190} INFO - [2024-10-06T04:52:31.462+0000] {dag.py:4180} INFO - Setting next_dagrun for hello_world_ferian to 2024-10-06 00:00:00+00:00, run_after=2024-10-07 00:00:00+00:00
[2024-10-06T04:52:31.478+0000] {processor.py:208} INFO - Processing /opt/airflow/dags/hello_world.py took 0.066 seconds
[2024-10-06T04:53:01.614+0000] {processor.py:186} INFO - Started process (PID=5193) to work on /opt/airflow/dags/hello_world.py
[2024-10-06T04:53:01.615+0000] {processor.py:914} INFO - Processing file /opt/airflow/dags/hello_world.py for tasks to queue
[2024-10-06T04:53:01.616+0000] {logging_mixin.py:190} INFO - [2024-10-06T04:53:01.616+0000] {dagbag.py:588} INFO - Filling up the DagBag from /opt/airflow/dags/hello_world.py
[2024-10-06T04:53:01.623+0000] {processor.py:925} INFO - DAG(s) 'hello_world_ferian' retrieved from /opt/airflow/dags/hello_world.py
[2024-10-06T04:53:01.640+0000] {logging_mixin.py:190} INFO - [2024-10-06T04:53:01.639+0000] {dag.py:3239} INFO - Sync 1 DAGs
[2024-10-06T04:53:01.665+0000] {logging_mixin.py:190} INFO - [2024-10-06T04:53:01.665+0000] {dag.py:4180} INFO - Setting next_dagrun for hello_world_ferian to 2024-10-06 00:00:00+00:00, run_after=2024-10-07 00:00:00+00:00
[2024-10-06T04:53:01.689+0000] {processor.py:208} INFO - Processing /opt/airflow/dags/hello_world.py took 0.079 seconds
[2024-10-06T04:53:31.818+0000] {processor.py:186} INFO - Started process (PID=5256) to work on /opt/airflow/dags/hello_world.py
[2024-10-06T04:53:31.818+0000] {processor.py:914} INFO - Processing file /opt/airflow/dags/hello_world.py for tasks to queue
[2024-10-06T04:53:31.820+0000] {logging_mixin.py:190} INFO - [2024-10-06T04:53:31.820+0000] {dagbag.py:588} INFO - Filling up the DagBag from /opt/airflow/dags/hello_world.py
[2024-10-06T04:53:31.827+0000] {processor.py:925} INFO - DAG(s) 'hello_world_ferian' retrieved from /opt/airflow/dags/hello_world.py
[2024-10-06T04:53:31.842+0000] {logging_mixin.py:190} INFO - [2024-10-06T04:53:31.842+0000] {dag.py:3239} INFO - Sync 1 DAGs
[2024-10-06T04:53:31.866+0000] {logging_mixin.py:190} INFO - [2024-10-06T04:53:31.866+0000] {dag.py:4180} INFO - Setting next_dagrun for hello_world_ferian to 2024-10-06 00:00:00+00:00, run_after=2024-10-07 00:00:00+00:00
[2024-10-06T04:53:31.899+0000] {processor.py:208} INFO - Processing /opt/airflow/dags/hello_world.py took 0.087 seconds
[2024-10-06T04:54:02.538+0000] {processor.py:186} INFO - Started process (PID=5319) to work on /opt/airflow/dags/hello_world.py
[2024-10-06T04:54:02.539+0000] {processor.py:914} INFO - Processing file /opt/airflow/dags/hello_world.py for tasks to queue
[2024-10-06T04:54:02.540+0000] {logging_mixin.py:190} INFO - [2024-10-06T04:54:02.540+0000] {dagbag.py:588} INFO - Filling up the DagBag from /opt/airflow/dags/hello_world.py
[2024-10-06T04:54:02.547+0000] {processor.py:925} INFO - DAG(s) 'hello_world_ferian' retrieved from /opt/airflow/dags/hello_world.py
[2024-10-06T04:54:02.565+0000] {logging_mixin.py:190} INFO - [2024-10-06T04:54:02.565+0000] {dag.py:3239} INFO - Sync 1 DAGs
[2024-10-06T04:54:02.589+0000] {logging_mixin.py:190} INFO - [2024-10-06T04:54:02.589+0000] {dag.py:4180} INFO - Setting next_dagrun for hello_world_ferian to 2024-10-06 00:00:00+00:00, run_after=2024-10-07 00:00:00+00:00
[2024-10-06T04:54:02.608+0000] {processor.py:208} INFO - Processing /opt/airflow/dags/hello_world.py took 0.074 seconds
[2024-10-06T04:54:33.032+0000] {processor.py:186} INFO - Started process (PID=5383) to work on /opt/airflow/dags/hello_world.py
[2024-10-06T04:54:33.032+0000] {processor.py:914} INFO - Processing file /opt/airflow/dags/hello_world.py for tasks to queue
[2024-10-06T04:54:33.034+0000] {logging_mixin.py:190} INFO - [2024-10-06T04:54:33.034+0000] {dagbag.py:588} INFO - Filling up the DagBag from /opt/airflow/dags/hello_world.py
[2024-10-06T04:54:33.043+0000] {processor.py:925} INFO - DAG(s) 'hello_world_ferian' retrieved from /opt/airflow/dags/hello_world.py
[2024-10-06T04:54:33.062+0000] {logging_mixin.py:190} INFO - [2024-10-06T04:54:33.062+0000] {dag.py:3239} INFO - Sync 1 DAGs
[2024-10-06T04:54:33.085+0000] {logging_mixin.py:190} INFO - [2024-10-06T04:54:33.085+0000] {dag.py:4180} INFO - Setting next_dagrun for hello_world_ferian to 2024-10-06 00:00:00+00:00, run_after=2024-10-07 00:00:00+00:00
[2024-10-06T04:54:33.109+0000] {processor.py:208} INFO - Processing /opt/airflow/dags/hello_world.py took 0.084 seconds
[2024-10-06T04:55:03.589+0000] {processor.py:186} INFO - Started process (PID=5446) to work on /opt/airflow/dags/hello_world.py
[2024-10-06T04:55:03.590+0000] {processor.py:914} INFO - Processing file /opt/airflow/dags/hello_world.py for tasks to queue
[2024-10-06T04:55:03.591+0000] {logging_mixin.py:190} INFO - [2024-10-06T04:55:03.591+0000] {dagbag.py:588} INFO - Filling up the DagBag from /opt/airflow/dags/hello_world.py
[2024-10-06T04:55:03.598+0000] {processor.py:925} INFO - DAG(s) 'hello_world_ferian' retrieved from /opt/airflow/dags/hello_world.py
[2024-10-06T04:55:03.615+0000] {logging_mixin.py:190} INFO - [2024-10-06T04:55:03.615+0000] {dag.py:3239} INFO - Sync 1 DAGs
[2024-10-06T04:55:03.639+0000] {logging_mixin.py:190} INFO - [2024-10-06T04:55:03.639+0000] {dag.py:4180} INFO - Setting next_dagrun for hello_world_ferian to 2024-10-06 00:00:00+00:00, run_after=2024-10-07 00:00:00+00:00
[2024-10-06T04:55:03.665+0000] {processor.py:208} INFO - Processing /opt/airflow/dags/hello_world.py took 0.080 seconds
[2024-10-06T04:55:34.186+0000] {processor.py:186} INFO - Started process (PID=5509) to work on /opt/airflow/dags/hello_world.py
[2024-10-06T04:55:34.187+0000] {processor.py:914} INFO - Processing file /opt/airflow/dags/hello_world.py for tasks to queue
[2024-10-06T04:55:34.188+0000] {logging_mixin.py:190} INFO - [2024-10-06T04:55:34.188+0000] {dagbag.py:588} INFO - Filling up the DagBag from /opt/airflow/dags/hello_world.py
[2024-10-06T04:55:34.195+0000] {processor.py:925} INFO - DAG(s) 'hello_world_ferian' retrieved from /opt/airflow/dags/hello_world.py
[2024-10-06T04:55:34.212+0000] {logging_mixin.py:190} INFO - [2024-10-06T04:55:34.212+0000] {dag.py:3239} INFO - Sync 1 DAGs
[2024-10-06T04:55:34.231+0000] {logging_mixin.py:190} INFO - [2024-10-06T04:55:34.231+0000] {dag.py:4180} INFO - Setting next_dagrun for hello_world_ferian to 2024-10-06 00:00:00+00:00, run_after=2024-10-07 00:00:00+00:00
[2024-10-06T04:55:34.252+0000] {processor.py:208} INFO - Processing /opt/airflow/dags/hello_world.py took 0.070 seconds
[2024-10-06T04:56:04.384+0000] {processor.py:186} INFO - Started process (PID=5572) to work on /opt/airflow/dags/hello_world.py
[2024-10-06T04:56:04.385+0000] {processor.py:914} INFO - Processing file /opt/airflow/dags/hello_world.py for tasks to queue
[2024-10-06T04:56:04.386+0000] {logging_mixin.py:190} INFO - [2024-10-06T04:56:04.386+0000] {dagbag.py:588} INFO - Filling up the DagBag from /opt/airflow/dags/hello_world.py
[2024-10-06T04:56:04.393+0000] {processor.py:925} INFO - DAG(s) 'hello_world_ferian' retrieved from /opt/airflow/dags/hello_world.py
[2024-10-06T04:56:04.411+0000] {logging_mixin.py:190} INFO - [2024-10-06T04:56:04.410+0000] {dag.py:3239} INFO - Sync 1 DAGs
[2024-10-06T04:56:04.433+0000] {logging_mixin.py:190} INFO - [2024-10-06T04:56:04.432+0000] {dag.py:4180} INFO - Setting next_dagrun for hello_world_ferian to 2024-10-06 00:00:00+00:00, run_after=2024-10-07 00:00:00+00:00
[2024-10-06T04:56:04.452+0000] {processor.py:208} INFO - Processing /opt/airflow/dags/hello_world.py took 0.073 seconds
[2024-10-06T04:56:34.564+0000] {processor.py:186} INFO - Started process (PID=5635) to work on /opt/airflow/dags/hello_world.py
[2024-10-06T04:56:34.564+0000] {processor.py:914} INFO - Processing file /opt/airflow/dags/hello_world.py for tasks to queue
[2024-10-06T04:56:34.566+0000] {logging_mixin.py:190} INFO - [2024-10-06T04:56:34.566+0000] {dagbag.py:588} INFO - Filling up the DagBag from /opt/airflow/dags/hello_world.py
[2024-10-06T04:56:34.573+0000] {processor.py:925} INFO - DAG(s) 'hello_world_ferian' retrieved from /opt/airflow/dags/hello_world.py
[2024-10-06T04:56:34.591+0000] {logging_mixin.py:190} INFO - [2024-10-06T04:56:34.590+0000] {dag.py:3239} INFO - Sync 1 DAGs
[2024-10-06T04:56:34.615+0000] {logging_mixin.py:190} INFO - [2024-10-06T04:56:34.615+0000] {dag.py:4180} INFO - Setting next_dagrun for hello_world_ferian to 2024-10-06 00:00:00+00:00, run_after=2024-10-07 00:00:00+00:00
[2024-10-06T04:56:34.638+0000] {processor.py:208} INFO - Processing /opt/airflow/dags/hello_world.py took 0.079 seconds
[2024-10-06T04:57:04.725+0000] {processor.py:186} INFO - Started process (PID=5699) to work on /opt/airflow/dags/hello_world.py
[2024-10-06T04:57:04.725+0000] {processor.py:914} INFO - Processing file /opt/airflow/dags/hello_world.py for tasks to queue
[2024-10-06T04:57:04.727+0000] {logging_mixin.py:190} INFO - [2024-10-06T04:57:04.727+0000] {dagbag.py:588} INFO - Filling up the DagBag from /opt/airflow/dags/hello_world.py
[2024-10-06T04:57:04.733+0000] {processor.py:925} INFO - DAG(s) 'hello_world_ferian' retrieved from /opt/airflow/dags/hello_world.py
[2024-10-06T04:57:04.751+0000] {logging_mixin.py:190} INFO - [2024-10-06T04:57:04.751+0000] {dag.py:3239} INFO - Sync 1 DAGs
[2024-10-06T04:57:04.773+0000] {logging_mixin.py:190} INFO - [2024-10-06T04:57:04.773+0000] {dag.py:4180} INFO - Setting next_dagrun for hello_world_ferian to 2024-10-06 00:00:00+00:00, run_after=2024-10-07 00:00:00+00:00
[2024-10-06T04:57:04.796+0000] {processor.py:208} INFO - Processing /opt/airflow/dags/hello_world.py took 0.076 seconds
[2024-10-06T04:57:35.204+0000] {processor.py:186} INFO - Started process (PID=5764) to work on /opt/airflow/dags/hello_world.py
[2024-10-06T04:57:35.205+0000] {processor.py:914} INFO - Processing file /opt/airflow/dags/hello_world.py for tasks to queue
[2024-10-06T04:57:35.207+0000] {logging_mixin.py:190} INFO - [2024-10-06T04:57:35.207+0000] {dagbag.py:588} INFO - Filling up the DagBag from /opt/airflow/dags/hello_world.py
[2024-10-06T04:57:35.213+0000] {processor.py:925} INFO - DAG(s) 'hello_world_ferian' retrieved from /opt/airflow/dags/hello_world.py
[2024-10-06T04:57:35.230+0000] {logging_mixin.py:190} INFO - [2024-10-06T04:57:35.230+0000] {dag.py:3239} INFO - Sync 1 DAGs
[2024-10-06T04:57:35.251+0000] {logging_mixin.py:190} INFO - [2024-10-06T04:57:35.250+0000] {dag.py:4180} INFO - Setting next_dagrun for hello_world_ferian to 2024-10-06 00:00:00+00:00, run_after=2024-10-07 00:00:00+00:00
[2024-10-06T04:57:35.271+0000] {processor.py:208} INFO - Processing /opt/airflow/dags/hello_world.py took 0.071 seconds
